TN:
SF:/Users/juusoheino/Code/Projects/005 - JUUSOHEINO.COM/babel.config.js
FNF:0
FNH:0
DA:1,0
LF:1
LH:0
BRF:0
BRH:0
end_of_record
TN:
SF:/Users/juusoheino/Code/Projects/005 - JUUSOHEINO.COM/vue.config.js
FN:10,(anonymous_0)
FN:13,(anonymous_1)
FN:18,addStyleResource
FNF:3
FNH:0
FNDA:0,(anonymous_0)
FNDA:0,(anonymous_1)
FNDA:0,addStyleResource
DA:1,0
DA:3,0
DA:12,0
DA:13,0
DA:19,0
LF:5
LH:0
BRF:0
BRH:0
end_of_record
TN:
SF:/Users/juusoheino/Code/Projects/005 - JUUSOHEINO.COM/coverage/lcov-report/block-navigation.js
FN:2,init
FN:24,toggleClass
FN:31,makeCurrent
FN:41,goToPrevious
FN:52,goToNext
FN:65,jump
FNF:6
FNH:0
FNDA:0,init
FNDA:0,toggleClass
FNDA:0,makeCurrent
FNDA:0,goToPrevious
FNDA:0,goToNext
FNDA:0,jump
DA:2,0
DA:4,0
DA:7,0
DA:10,0
DA:14,0
DA:20,0
DA:25,0
DA:28,0
DA:32,0
DA:33,0
DA:34,0
DA:42,0
DA:43,0
DA:44,0
DA:45,0
DA:46,0
DA:49,0
DA:53,0
DA:55,0
DA:59,0
DA:62,0
DA:65,0
DA:66,0
DA:69,0
DA:70,0
DA:74,0
DA:75,0
DA:79,0
LF:28
LH:0
BRDA:43,0,0,0
BRDA:43,0,1,0
BRDA:43,1,0,0
BRDA:43,1,1,0
BRDA:45,2,0,0
BRDA:45,2,1,0
BRDA:55,3,0,0
BRDA:55,3,1,0
BRDA:56,4,0,0
BRDA:56,4,1,0
BRDA:66,5,0,0
BRDA:66,5,1,0
BRDA:66,5,2,0
BRDA:66,5,3,0
BRDA:66,5,4,0
BRF:15
BRH:0
end_of_record
TN:
SF:/Users/juusoheino/Code/Projects/005 - JUUSOHEINO.COM/coverage/lcov-report/prettify.js
FN:2,(anonymous_0)
FN:2,k
FN:2,ab
FN:2,T
FN:2,X
FN:2,(anonymous_5)
FN:2,W
FN:2,(anonymous_7)
FN:2,a
FN:2,aa
FN:2,B
FN:2,o
FN:2,g
FN:2,(anonymous_13)
FN:2,(anonymous_14)
FN:2,i
FN:2,Q
FN:2,ae
FN:2,ad
FN:2,ai
FN:2,D
FN:2,c
FN:2,q
FN:2,d
FN:2,y
FN:2,b
FN:2,Y
FN:2,(anonymous_27)
FN:2,U
FNF:29
FNH:0
FNDA:0,(anonymous_0)
FNDA:0,k
FNDA:0,ab
FNDA:0,T
FNDA:0,X
FNDA:0,(anonymous_5)
FNDA:0,W
FNDA:0,(anonymous_7)
FNDA:0,a
FNDA:0,aa
FNDA:0,B
FNDA:0,o
FNDA:0,g
FNDA:0,(anonymous_13)
FNDA:0,(anonymous_14)
FNDA:0,i
FNDA:0,Q
FNDA:0,ae
FNDA:0,ad
FNDA:0,ai
FNDA:0,D
FNDA:0,c
FNDA:0,q
FNDA:0,d
FNDA:0,y
FNDA:0,b
FNDA:0,Y
FNDA:0,(anonymous_27)
FNDA:0,U
DA:2,0
LF:1
LH:0
BRDA:2,0,0,0
BRDA:2,0,1,0
BRDA:2,1,0,0
BRDA:2,1,1,0
BRDA:2,2,0,0
BRDA:2,2,1,0
BRDA:2,3,0,0
BRDA:2,3,1,0
BRDA:2,4,0,0
BRDA:2,4,1,0
BRDA:2,5,0,0
BRDA:2,5,1,0
BRDA:2,6,0,0
BRDA:2,6,1,0
BRDA:2,7,0,0
BRDA:2,7,1,0
BRDA:2,8,0,0
BRDA:2,8,1,0
BRDA:2,9,0,0
BRDA:2,9,1,0
BRDA:2,10,0,0
BRDA:2,10,1,0
BRDA:2,11,0,0
BRDA:2,11,1,0
BRDA:2,11,2,0
BRDA:2,11,3,0
BRDA:2,12,0,0
BRDA:2,12,1,0
BRDA:2,13,0,0
BRDA:2,13,1,0
BRDA:2,14,0,0
BRDA:2,14,1,0
BRDA:2,15,0,0
BRDA:2,15,1,0
BRDA:2,16,0,0
BRDA:2,16,1,0
BRDA:2,17,0,0
BRDA:2,17,1,0
BRDA:2,18,0,0
BRDA:2,18,1,0
BRDA:2,19,0,0
BRDA:2,19,1,0
BRDA:2,20,0,0
BRDA:2,20,1,0
BRDA:2,21,0,0
BRDA:2,21,1,0
BRDA:2,22,0,0
BRDA:2,22,1,0
BRDA:2,23,0,0
BRDA:2,23,1,0
BRDA:2,24,0,0
BRDA:2,24,1,0
BRDA:2,25,0,0
BRDA:2,25,1,0
BRDA:2,26,0,0
BRDA:2,26,1,0
BRDA:2,27,0,0
BRDA:2,27,1,0
BRDA:2,28,0,0
BRDA:2,28,1,0
BRDA:2,29,0,0
BRDA:2,29,1,0
BRDA:2,30,0,0
BRDA:2,30,1,0
BRDA:2,31,0,0
BRDA:2,31,1,0
BRDA:2,32,0,0
BRDA:2,32,1,0
BRDA:2,33,0,0
BRDA:2,33,1,0
BRDA:2,34,0,0
BRDA:2,34,1,0
BRDA:2,35,0,0
BRDA:2,35,1,0
BRDA:2,36,0,0
BRDA:2,36,1,0
BRDA:2,37,0,0
BRDA:2,37,1,0
BRDA:2,38,0,0
BRDA:2,38,1,0
BRDA:2,39,0,0
BRDA:2,39,1,0
BRDA:2,40,0,0
BRDA:2,40,1,0
BRDA:2,41,0,0
BRDA:2,41,1,0
BRDA:2,42,0,0
BRDA:2,42,1,0
BRDA:2,43,0,0
BRDA:2,43,1,0
BRDA:2,44,0,0
BRDA:2,44,1,0
BRDA:2,45,0,0
BRDA:2,45,1,0
BRDA:2,46,0,0
BRDA:2,46,1,0
BRDA:2,47,0,0
BRDA:2,47,1,0
BRDA:2,48,0,0
BRDA:2,48,1,0
BRDA:2,49,0,0
BRDA:2,49,1,0
BRDA:2,50,0,0
BRDA:2,50,1,0
BRDA:2,50,2,0
BRDA:2,51,0,0
BRDA:2,51,1,0
BRDA:2,52,0,0
BRDA:2,52,1,0
BRDA:2,53,0,0
BRDA:2,53,1,0
BRDA:2,54,0,0
BRDA:2,54,1,0
BRDA:2,55,0,0
BRDA:2,55,1,0
BRDA:2,56,0,0
BRDA:2,56,1,0
BRDA:2,57,0,0
BRDA:2,57,1,0
BRDA:2,58,0,0
BRDA:2,58,1,0
BRDA:2,59,0,0
BRDA:2,59,1,0
BRDA:2,60,0,0
BRDA:2,60,1,0
BRDA:2,61,0,0
BRDA:2,61,1,0
BRDA:2,62,0,0
BRDA:2,62,1,0
BRDA:2,63,0,0
BRDA:2,63,1,0
BRDA:2,64,0,0
BRDA:2,64,1,0
BRDA:2,65,0,0
BRDA:2,65,1,0
BRDA:2,66,0,0
BRDA:2,66,1,0
BRDA:2,67,0,0
BRDA:2,67,1,0
BRDA:2,68,0,0
BRDA:2,68,1,0
BRDA:2,69,0,0
BRDA:2,69,1,0
BRDA:2,70,0,0
BRDA:2,70,1,0
BRDA:2,71,0,0
BRDA:2,71,1,0
BRDA:2,72,0,0
BRDA:2,72,1,0
BRDA:2,73,0,0
BRDA:2,73,1,0
BRDA:2,74,0,0
BRDA:2,74,1,0
BRDA:2,75,0,0
BRDA:2,75,1,0
BRDA:2,76,0,0
BRDA:2,76,1,0
BRDA:2,77,0,0
BRDA:2,77,1,0
BRDA:2,78,0,0
BRDA:2,78,1,0
BRDA:2,79,0,0
BRDA:2,79,1,0
BRDA:2,80,0,0
BRDA:2,80,1,0
BRDA:2,81,0,0
BRDA:2,81,1,0
BRDA:2,82,0,0
BRDA:2,82,1,0
BRDA:2,83,0,0
BRDA:2,83,1,0
BRDA:2,84,0,0
BRDA:2,84,1,0
BRDA:2,85,0,0
BRDA:2,85,1,0
BRDA:2,86,0,0
BRDA:2,86,1,0
BRDA:2,87,0,0
BRDA:2,87,1,0
BRDA:2,88,0,0
BRDA:2,88,1,0
BRDA:2,89,0,0
BRDA:2,89,1,0
BRDA:2,89,2,0
BRDA:2,90,0,0
BRDA:2,90,1,0
BRDA:2,91,0,0
BRDA:2,91,1,0
BRDA:2,92,0,0
BRDA:2,92,1,0
BRDA:2,93,0,0
BRDA:2,93,1,0
BRDA:2,94,0,0
BRDA:2,94,1,0
BRDA:2,95,0,0
BRDA:2,95,1,0
BRDA:2,96,0,0
BRDA:2,96,1,0
BRDA:2,97,0,0
BRDA:2,97,1,0
BRDA:2,98,0,0
BRDA:2,98,1,0
BRDA:2,99,0,0
BRDA:2,99,1,0
BRDA:2,100,0,0
BRDA:2,100,1,0
BRDA:2,101,0,0
BRDA:2,101,1,0
BRDA:2,102,0,0
BRDA:2,102,1,0
BRDA:2,103,0,0
BRDA:2,103,1,0
BRDA:2,104,0,0
BRDA:2,104,1,0
BRDA:2,105,0,0
BRDA:2,105,1,0
BRDA:2,106,0,0
BRDA:2,106,1,0
BRDA:2,107,0,0
BRDA:2,107,1,0
BRDA:2,108,0,0
BRDA:2,108,1,0
BRDA:2,109,0,0
BRDA:2,109,1,0
BRDA:2,110,0,0
BRDA:2,110,1,0
BRDA:2,111,0,0
BRDA:2,111,1,0
BRDA:2,112,0,0
BRDA:2,112,1,0
BRDA:2,113,0,0
BRDA:2,113,1,0
BRDA:2,114,0,0
BRDA:2,114,1,0
BRDA:2,115,0,0
BRDA:2,115,1,0
BRDA:2,116,0,0
BRDA:2,116,1,0
BRDA:2,117,0,0
BRDA:2,117,1,0
BRDA:2,118,0,0
BRDA:2,118,1,0
BRDA:2,119,0,0
BRDA:2,119,1,0
BRDA:2,120,0,0
BRDA:2,120,1,0
BRDA:2,121,0,0
BRDA:2,121,1,0
BRDA:2,122,0,0
BRDA:2,122,1,0
BRDA:2,123,0,0
BRDA:2,123,1,0
BRDA:2,124,0,0
BRDA:2,124,1,0
BRDA:2,125,0,0
BRDA:2,125,1,0
BRDA:2,126,0,0
BRDA:2,126,1,0
BRDA:2,127,0,0
BRDA:2,127,1,0
BRDA:2,128,0,0
BRDA:2,128,1,0
BRDA:2,128,2,0
BRDA:2,129,0,0
BRDA:2,129,1,0
BRDA:2,130,0,0
BRDA:2,130,1,0
BRDA:2,131,0,0
BRDA:2,131,1,0
BRDA:2,131,2,0
BRDA:2,131,3,0
BRDA:2,131,4,0
BRDA:2,132,0,0
BRDA:2,132,1,0
BRDA:2,133,0,0
BRDA:2,133,1,0
BRDA:2,134,0,0
BRDA:2,134,1,0
BRDA:2,135,0,0
BRDA:2,135,1,0
BRDA:2,136,0,0
BRDA:2,136,1,0
BRDA:2,137,0,0
BRDA:2,137,1,0
BRDA:2,138,0,0
BRDA:2,138,1,0
BRF:286
BRH:0
end_of_record
TN:
SF:/Users/juusoheino/Code/Projects/005 - JUUSOHEINO.COM/coverage/lcov-report/sorter.js
FN:2,(anonymous_0)
FN:11,getTable
FN:15,getTableHeader
FN:19,getTableBody
FN:23,getNthColumn
FN:28,loadColumns
FN:53,loadRowData
FN:72,loadData
FN:81,sortByIndex
FN:83,(anonymous_9)
FN:95,(anonymous_10)
FN:112,removeSortIndicators
FN:120,addSortIndicators
FN:126,enableUI
FN:129,ithSorter
FN:132,(anonymous_15)
FN:159,(anonymous_16)
FNF:17
FNH:0
FNDA:0,(anonymous_0)
FNDA:0,getTable
FNDA:0,getTableHeader
FNDA:0,getTableBody
FNDA:0,getNthColumn
FNDA:0,loadColumns
FNDA:0,loadRowData
FNDA:0,loadData
FNDA:0,sortByIndex
FNDA:0,(anonymous_9)
FNDA:0,(anonymous_10)
FNDA:0,removeSortIndicators
FNDA:0,addSortIndicators
FNDA:0,enableUI
FNDA:0,ithSorter
FNDA:0,(anonymous_15)
FNDA:0,(anonymous_16)
DA:2,0
DA:5,0
DA:12,0
DA:16,0
DA:20,0
DA:24,0
DA:29,0
DA:31,0
DA:35,0
DA:36,0
DA:37,0
DA:42,0
DA:43,0
DA:44,0
DA:45,0
DA:49,0
DA:54,0
DA:57,0
DA:60,0
DA:61,0
DA:62,0
DA:63,0
DA:64,0
DA:65,0
DA:67,0
DA:69,0
DA:73,0
DA:76,0
DA:77,0
DA:82,0
DA:83,0
DA:84,0
DA:85,0
DA:86,0
DA:88,0
DA:89,0
DA:90,0
DA:91,0
DA:94,0
DA:95,0
DA:96,0
DA:100,0
DA:101,0
DA:102,0
DA:105,0
DA:107,0
DA:108,0
DA:113,0
DA:114,0
DA:116,0
DA:117,0
DA:121,0
DA:129,0
DA:130,0
DA:132,0
DA:133,0
DA:135,0
DA:136,0
DA:138,0
DA:139,0
DA:140,0
DA:141,0
DA:142,0
DA:145,0
DA:146,0
DA:149,0
DA:150,0
DA:151,0
DA:153,0
DA:159,0
DA:160,0
DA:161,0
DA:163,0
DA:164,0
DA:165,0
DA:166,0
DA:170,0
LF:77
LH:0
BRDA:40,0,0,0
BRDA:40,0,1,0
BRDA:43,1,0,0
BRDA:43,1,1,0
BRDA:64,2,0,0
BRDA:64,2,1,0
BRDA:86,3,0,0
BRDA:86,3,1,0
BRDA:86,4,0,0
BRDA:86,4,1,0
BRDA:94,5,0,0
BRDA:94,5,1,0
BRDA:121,6,0,0
BRDA:121,6,1,0
BRDA:135,7,0,0
BRDA:135,7,1,0
BRDA:146,8,0,0
BRDA:146,8,1,0
BRDA:150,9,0,0
BRDA:150,9,1,0
BRDA:160,10,0,0
BRDA:160,10,1,0
BRF:22
BRH:0
end_of_record
TN:
SF:/Users/juusoheino/Code/Projects/005 - JUUSOHEINO.COM/src/App.vue
FN:26,(anonymous_1)
FN:30,(anonymous_3)
FNF:2
FNH:0
FNDA:0,(anonymous_1)
FNDA:0,(anonymous_3)
DA:15,0
DA:16,0
DA:17,0
DA:26,0
DA:31,0
LF:5
LH:0
BRF:0
BRH:0
end_of_record
TN:
SF:/Users/juusoheino/Code/Projects/005 - JUUSOHEINO.COM/src/main.js
FN:27,(anonymous_0)
FNF:1
FNH:0
FNDA:0,(anonymous_0)
DA:13,0
DA:19,0
DA:20,0
DA:23,0
DA:27,0
LF:5
LH:0
BRDA:20,0,0,0
BRDA:20,0,1,0
BRF:2
BRH:0
end_of_record
TN:
SF:/Users/juusoheino/Code/Projects/005 - JUUSOHEINO.COM/src/registerServiceWorker.js
FN:7,(anonymous_0)
FN:13,(anonymous_1)
FN:16,(anonymous_2)
FN:19,(anonymous_3)
FN:22,(anonymous_4)
FN:25,(anonymous_5)
FN:30,(anonymous_6)
FNF:7
FNH:0
FNDA:0,(anonymous_0)
FNDA:0,(anonymous_1)
FNDA:0,(anonymous_2)
FNDA:0,(anonymous_3)
FNDA:0,(anonymous_4)
FNDA:0,(anonymous_5)
FNDA:0,(anonymous_6)
DA:5,0
DA:6,0
DA:8,0
DA:14,0
DA:17,0
DA:20,0
DA:23,0
DA:26,0
DA:31,0
LF:9
LH:0
BRDA:5,0,0,0
BRDA:5,0,1,0
BRF:2
BRH:0
end_of_record
TN:
SF:/Users/juusoheino/Code/Projects/005 - JUUSOHEINO.COM/src/api/apiActions.js
FN:16,(anonymous_0)
FN:22,(anonymous_1)
FN:27,(anonymous_2)
FN:31,(anonymous_3)
FN:37,(anonymous_4)
FN:51,(anonymous_5)
FN:59,(anonymous_6)
FN:66,(anonymous_7)
FN:76,(anonymous_8)
FN:84,(anonymous_9)
FN:91,(anonymous_10)
FN:97,(anonymous_11)
FN:101,(anonymous_12)
FN:105,(anonymous_13)
FN:112,(anonymous_14)
FN:114,(anonymous_15)
FN:118,(anonymous_16)
FN:122,(anonymous_17)
FN:129,(anonymous_18)
FN:134,(anonymous_19)
FN:145,(anonymous_20)
FN:149,(anonymous_21)
FN:160,(anonymous_22)
FN:165,(anonymous_23)
FN:171,(anonymous_24)
FN:175,(anonymous_25)
FN:183,(anonymous_26)
FN:187,(anonymous_27)
FN:194,(anonymous_28)
FN:198,(anonymous_29)
FN:202,(anonymous_30)
FN:209,(anonymous_31)
FN:218,(anonymous_32)
FN:220,(anonymous_33)
FN:228,(anonymous_34)
FN:229,(anonymous_35)
FN:232,(anonymous_36)
FN:236,(anonymous_37)
FN:243,(anonymous_38)
FN:247,setFirebaseAuth
FN:248,(anonymous_40)
FN:261,addDefer
FN:262,(anonymous_42)
FN:264,(anonymous_43)
FN:277,getDefer
FN:278,(anonymous_45)
FN:278,(anonymous_46)
FNF:47
FNH:0
FNDA:0,(anonymous_0)
FNDA:0,(anonymous_1)
FNDA:0,(anonymous_2)
FNDA:0,(anonymous_3)
FNDA:0,(anonymous_4)
FNDA:0,(anonymous_5)
FNDA:0,(anonymous_6)
FNDA:0,(anonymous_7)
FNDA:0,(anonymous_8)
FNDA:0,(anonymous_9)
FNDA:0,(anonymous_10)
FNDA:0,(anonymous_11)
FNDA:0,(anonymous_12)
FNDA:0,(anonymous_13)
FNDA:0,(anonymous_14)
FNDA:0,(anonymous_15)
FNDA:0,(anonymous_16)
FNDA:0,(anonymous_17)
FNDA:0,(anonymous_18)
FNDA:0,(anonymous_19)
FNDA:0,(anonymous_20)
FNDA:0,(anonymous_21)
FNDA:0,(anonymous_22)
FNDA:0,(anonymous_23)
FNDA:0,(anonymous_24)
FNDA:0,(anonymous_25)
FNDA:0,(anonymous_26)
FNDA:0,(anonymous_27)
FNDA:0,(anonymous_28)
FNDA:0,(anonymous_29)
FNDA:0,(anonymous_30)
FNDA:0,(anonymous_31)
FNDA:0,(anonymous_32)
FNDA:0,(anonymous_33)
FNDA:0,(anonymous_34)
FNDA:0,(anonymous_35)
FNDA:0,(anonymous_36)
FNDA:0,(anonymous_37)
FNDA:0,(anonymous_38)
FNDA:0,setFirebaseAuth
FNDA:0,(anonymous_40)
FNDA:0,addDefer
FNDA:0,(anonymous_42)
FNDA:0,(anonymous_43)
FNDA:0,getDefer
FNDA:0,(anonymous_45)
FNDA:0,(anonymous_46)
DA:5,0
DA:6,0
DA:9,0
DA:11,0
DA:16,0
DA:22,0
DA:23,0
DA:25,0
DA:26,0
DA:28,0
DA:29,0
DA:32,0
DA:33,0
DA:36,0
DA:38,0
DA:39,0
DA:41,0
DA:42,0
DA:46,0
DA:47,0
DA:49,0
DA:52,0
DA:53,0
DA:59,0
DA:66,0
DA:67,0
DA:70,0
DA:71,0
DA:73,0
DA:76,0
DA:77,0
DA:78,0
DA:79,0
DA:81,0
DA:85,0
DA:86,0
DA:91,0
DA:97,0
DA:98,0
DA:100,0
DA:102,0
DA:103,0
DA:106,0
DA:107,0
DA:112,0
DA:114,0
DA:115,0
DA:117,0
DA:119,0
DA:120,0
DA:123,0
DA:124,0
DA:129,0
DA:134,0
DA:135,0
DA:136,0
DA:138,0
DA:139,0
DA:141,0
DA:144,0
DA:146,0
DA:147,0
DA:150,0
DA:151,0
DA:160,0
DA:165,0
DA:167,0
DA:170,0
DA:172,0
DA:173,0
DA:176,0
DA:177,0
DA:183,0
DA:187,0
DA:189,0
DA:190,0
DA:193,0
DA:197,0
DA:198,0
DA:199,0
DA:201,0
DA:203,0
DA:204,0
DA:209,0
DA:215,0
DA:217,0
DA:219,0
DA:221,0
DA:228,0
DA:229,0
DA:230,0
DA:231,0
DA:233,0
DA:234,0
DA:237,0
DA:238,0
DA:243,0
DA:244,0
DA:248,0
DA:249,0
DA:250,0
DA:252,0
DA:254,0
DA:262,0
DA:264,0
DA:265,0
DA:266,0
DA:268,0
DA:269,0
DA:271,0
DA:273,0
DA:278,0
LF:112
LH:0
BRDA:25,0,0,0
BRDA:25,0,1,0
BRDA:41,1,0,0
BRDA:41,1,1,0
BRDA:42,2,0,0
BRDA:42,2,1,0
BRDA:59,3,0,0
BRDA:70,4,0,0
BRDA:70,4,1,0
BRDA:78,5,0,0
BRDA:78,5,1,0
BRDA:138,6,0,0
BRDA:138,6,1,0
BRDA:249,7,0,0
BRDA:249,7,1,0
BRDA:278,8,0,0
BRDA:278,8,1,0
BRF:17
BRH:0
end_of_record
TN:
SF:/Users/juusoheino/Code/Projects/005 - JUUSOHEINO.COM/src/api/apiParser.js
FN:1,(anonymous_0)
FN:4,(anonymous_1)
FNF:2
FNH:0
FNDA:0,(anonymous_0)
FNDA:0,(anonymous_1)
DA:1,0
DA:2,0
DA:4,0
DA:5,0
DA:6,0
DA:8,0
DA:12,0
LF:7
LH:0
BRDA:2,0,0,0
BRDA:2,0,1,0
BRDA:5,1,0,0
BRDA:5,1,1,0
BRF:4
BRH:0
end_of_record
TN:
SF:/Users/juusoheino/Code/Projects/005 - JUUSOHEINO.COM/src/api/appActions.js
FN:3,(anonymous_0)
FN:7,(anonymous_1)
FN:11,(anonymous_2)
FNF:3
FNH:0
FNDA:0,(anonymous_0)
FNDA:0,(anonymous_1)
FNDA:0,(anonymous_2)
DA:3,0
DA:4,0
DA:7,0
DA:8,0
DA:11,0
DA:12,0
LF:6
LH:0
BRF:0
BRH:0
end_of_record
TN:
SF:/Users/juusoheino/Code/Projects/005 - JUUSOHEINO.COM/src/api/countries.js
FNF:0
FNH:0
DA:2,0
LF:1
LH:0
BRF:0
BRH:0
end_of_record
TN:
SF:/Users/juusoheino/Code/Projects/005 - JUUSOHEINO.COM/src/api/index.js
FN:6,(anonymous_0)
FNF:1
FNH:0
FNDA:0,(anonymous_0)
DA:7,0
DA:8,0
LF:2
LH:0
BRF:0
BRH:0
end_of_record
TN:
SF:/Users/juusoheino/Code/Projects/005 - JUUSOHEINO.COM/src/api/firebase/firebaseConfig.js
FNF:0
FNH:0
LF:0
LH:0
BRF:0
BRH:0
end_of_record
TN:
SF:/Users/juusoheino/Code/Projects/005 - JUUSOHEINO.COM/src/api/firebase/firebaseInit.js
FNF:0
FNH:0
DA:7,0
LF:1
LH:0
BRF:0
BRH:0
end_of_record
TN:
SF:/Users/juusoheino/Code/Projects/005 - JUUSOHEINO.COM/src/components/appContentWrapper.vue
FN:22,(anonymous_1)
FN:38,(anonymous_2)
FN:43,(anonymous_3)
FNF:3
FNH:0
FNDA:0,(anonymous_1)
FNDA:0,(anonymous_2)
FNDA:0,(anonymous_3)
DA:11,0
DA:23,0
DA:24,0
DA:25,0
DA:38,0
DA:44,0
DA:47,0
DA:51,0
LF:8
LH:0
BRDA:23,0,0,0
BRDA:23,0,1,0
BRDA:44,1,0,0
BRDA:44,1,1,0
BRDA:47,2,0,0
BRDA:47,2,1,0
BRF:6
BRH:0
end_of_record
TN:
SF:/Users/juusoheino/Code/Projects/005 - JUUSOHEINO.COM/src/components/appCurtain.vue
FN:21,(anonymous_1)
FN:32,(anonymous_2)
FN:33,(anonymous_3)
FN:38,(anonymous_4)
FN:44,(anonymous_5)
FN:50,(anonymous_6)
FN:58,(anonymous_7)
FN:62,(anonymous_8)
FN:67,(anonymous_9)
FN:79,(anonymous_10)
FN:81,(anonymous_11)
FNF:11
FNH:0
FNDA:0,(anonymous_1)
FNDA:0,(anonymous_2)
FNDA:0,(anonymous_3)
FNDA:0,(anonymous_4)
FNDA:0,(anonymous_5)
FNDA:0,(anonymous_6)
FNDA:0,(anonymous_7)
FNDA:0,(anonymous_8)
FNDA:0,(anonymous_9)
FNDA:0,(anonymous_10)
FNDA:0,(anonymous_11)
DA:22,0
DA:33,0
DA:34,0
DA:35,0
DA:38,0
DA:39,0
DA:45,0
DA:46,0
DA:51,0
DA:52,0
DA:59,0
DA:63,0
DA:68,0
DA:69,0
DA:71,0
DA:80,0
DA:81,0
DA:82,0
LF:18
LH:0
BRDA:45,0,0,0
BRDA:45,0,1,0
BRDA:51,1,0,0
BRDA:51,1,1,0
BRF:4
BRH:0
end_of_record
TN:
SF:/Users/juusoheino/Code/Projects/005 - JUUSOHEINO.COM/src/components/appExternalLinks.vue
FN:29,(anonymous_1)
FNF:1
FNH:0
FNDA:0,(anonymous_1)
DA:30,0
LF:1
LH:0
BRF:0
BRH:0
end_of_record
TN:
SF:/Users/juusoheino/Code/Projects/005 - JUUSOHEINO.COM/src/components/appFooter.vue
FN:89,(anonymous_1)
FN:96,(anonymous_2)
FN:100,(anonymous_3)
FN:108,(anonymous_4)
FN:110,(anonymous_5)
FN:119,(anonymous_6)
FN:123,(anonymous_7)
FN:127,(anonymous_8)
FN:140,(anonymous_9)
FN:144,(anonymous_10)
FN:152,(anonymous_11)
FN:161,(anonymous_12)
FN:168,(anonymous_13)
FN:175,(anonymous_14)
FNF:14
FNH:0
FNDA:0,(anonymous_1)
FNDA:0,(anonymous_2)
FNDA:0,(anonymous_3)
FNDA:0,(anonymous_4)
FNDA:0,(anonymous_5)
FNDA:0,(anonymous_6)
FNDA:0,(anonymous_7)
FNDA:0,(anonymous_8)
FNDA:0,(anonymous_9)
FNDA:0,(anonymous_10)
FNDA:0,(anonymous_11)
FNDA:0,(anonymous_12)
FNDA:0,(anonymous_13)
FNDA:0,(anonymous_14)
DA:70,0
DA:71,0
DA:72,0
DA:73,0
DA:74,0
DA:75,0
DA:76,0
DA:90,0
DA:97,0
DA:99,0
DA:100,0
DA:101,0
DA:109,0
DA:110,0
DA:111,0
DA:120,0
DA:124,0
DA:129,0
DA:130,0
DA:141,0
DA:146,0
DA:147,0
DA:148,0
DA:153,0
DA:154,0
DA:155,0
DA:157,0
DA:162,0
DA:163,0
DA:164,0
DA:165,0
DA:166,0
DA:168,0
DA:169,0
DA:170,0
DA:176,0
LF:36
LH:0
BRDA:109,0,0,0
BRDA:109,0,1,0
BRDA:147,1,0,0
BRDA:147,1,1,0
BRDA:154,2,0,0
BRDA:154,2,1,0
BRDA:162,3,0,0
BRDA:162,3,1,0
BRDA:162,4,0,0
BRDA:162,4,1,0
BRF:10
BRH:0
end_of_record
TN:
SF:/Users/juusoheino/Code/Projects/005 - JUUSOHEINO.COM/src/components/appHandler.vue
FN:12,(anonymous_1)
FN:27,(anonymous_2)
FN:31,(anonymous_3)
FN:50,(anonymous_4)
FN:63,(anonymous_5)
FNF:5
FNH:0
FNDA:0,(anonymous_1)
FNDA:0,(anonymous_2)
FNDA:0,(anonymous_3)
FNDA:0,(anonymous_4)
FNDA:0,(anonymous_5)
DA:14,0
DA:24,0
DA:28,0
DA:30,0
DA:31,0
DA:32,0
DA:51,0
DA:53,0
DA:54,0
DA:56,0
DA:64,0
DA:65,0
LF:12
LH:0
BRDA:53,0,0,0
BRDA:53,0,1,0
BRF:2
BRH:0
end_of_record
TN:
SF:/Users/juusoheino/Code/Projects/005 - JUUSOHEINO.COM/src/components/appText.vue
FN:25,(anonymous_1)
FNF:1
FNH:0
FNDA:0,(anonymous_1)
DA:14,0
DA:26,0
DA:27,0
DA:28,0
LF:4
LH:0
BRDA:26,0,0,0
BRDA:26,0,1,0
BRF:2
BRH:0
end_of_record
TN:
SF:/Users/juusoheino/Code/Projects/005 - JUUSOHEINO.COM/src/components/appTitle.vue
FN:19,(anonymous_1)
FNF:1
FNH:0
FNDA:0,(anonymous_1)
DA:12,0
DA:20,0
LF:2
LH:0
BRF:0
BRH:0
end_of_record
TN:
SF:/Users/juusoheino/Code/Projects/005 - JUUSOHEINO.COM/src/components/appUi.vue
FN:15,(anonymous_1)
FN:20,(anonymous_3)
FNF:2
FNH:0
FNDA:0,(anonymous_1)
FNDA:0,(anonymous_3)
DA:9,0
DA:15,0
DA:21,0
DA:23,0
LF:4
LH:0
BRF:0
BRH:0
end_of_record
TN:
SF:/Users/juusoheino/Code/Projects/005 - JUUSOHEINO.COM/src/components/contactLink.vue
FN:26,(anonymous_1)
FN:38,(anonymous_2)
FN:40,(anonymous_3)
FN:48,(anonymous_4)
FN:59,(anonymous_5)
FN:65,(anonymous_6)
FN:72,(anonymous_7)
FN:94,(anonymous_8)
FN:103,(anonymous_9)
FN:111,(anonymous_10)
FNF:10
FNH:0
FNDA:0,(anonymous_1)
FNDA:0,(anonymous_2)
FNDA:0,(anonymous_3)
FNDA:0,(anonymous_4)
FNDA:0,(anonymous_5)
FNDA:0,(anonymous_6)
FNDA:0,(anonymous_7)
FNDA:0,(anonymous_8)
FNDA:0,(anonymous_9)
FNDA:0,(anonymous_10)
DA:27,0
DA:39,0
DA:40,0
DA:41,0
DA:49,0
DA:50,0
DA:52,0
DA:60,0
DA:66,0
DA:73,0
DA:75,0
DA:95,0
DA:104,0
DA:105,0
DA:107,0
DA:112,0
DA:113,0
LF:17
LH:0
BRDA:49,0,0,0
BRDA:49,0,1,0
BRDA:60,1,0,0
BRDA:60,1,1,0
BRDA:78,2,0,0
BRDA:78,2,1,0
BRDA:81,3,0,0
BRDA:81,3,1,0
BRDA:84,4,0,0
BRDA:84,4,1,0
BRDA:104,5,0,0
BRDA:104,5,1,0
BRDA:112,6,0,0
BRDA:112,6,1,0
BRF:14
BRH:0
end_of_record
TN:
SF:/Users/juusoheino/Code/Projects/005 - JUUSOHEINO.COM/src/components/contactSuccessAnimation.vue
FN:33,(anonymous_1)
FN:47,(anonymous_2)
FN:58,(anonymous_3)
FN:63,(anonymous_4)
FN:69,(anonymous_5)
FNF:5
FNH:0
FNDA:0,(anonymous_1)
FNDA:0,(anonymous_2)
FNDA:0,(anonymous_3)
FNDA:0,(anonymous_4)
FNDA:0,(anonymous_5)
DA:34,0
DA:48,0
DA:59,0
DA:60,0
DA:61,0
DA:63,0
DA:64,0
DA:70,0
DA:71,0
DA:73,0
LF:10
LH:0
BRDA:34,0,0,0
BRDA:34,0,1,0
BRDA:80,1,0,0
BRDA:80,1,1,0
BRF:4
BRH:0
end_of_record
TN:
SF:/Users/juusoheino/Code/Projects/005 - JUUSOHEINO.COM/src/components/contentCarousel.vue
FN:50,(anonymous_1)
FN:66,(anonymous_2)
FN:67,(anonymous_3)
FN:75,(anonymous_4)
FN:81,(anonymous_5)
FN:89,(anonymous_6)
FNF:6
FNH:0
FNDA:0,(anonymous_1)
FNDA:0,(anonymous_2)
FNDA:0,(anonymous_3)
FNDA:0,(anonymous_4)
FNDA:0,(anonymous_5)
FNDA:0,(anonymous_6)
DA:31,0
DA:32,0
DA:33,0
DA:51,0
DA:67,0
DA:68,0
DA:69,0
DA:71,0
DA:75,0
DA:76,0
DA:82,0
DA:83,0
DA:84,0
DA:90,0
DA:91,0
DA:92,0
DA:94,0
DA:95,0
DA:96,0
DA:99,0
LF:20
LH:0
BRDA:68,0,0,0
BRDA:68,0,1,0
BRF:2
BRH:0
end_of_record
TN:
SF:/Users/juusoheino/Code/Projects/005 - JUUSOHEINO.COM/src/components/dropzone.vue
FN:77,(anonymous_1)
FN:93,(anonymous_2)
FN:97,(anonymous_3)
FN:111,(anonymous_4)
FN:117,(anonymous_5)
FN:132,(anonymous_6)
FN:141,(anonymous_7)
FN:155,(anonymous_8)
FN:163,(anonymous_9)
FN:172,(anonymous_10)
FN:180,(anonymous_11)
FN:198,(anonymous_12)
FNF:12
FNH:0
FNDA:0,(anonymous_1)
FNDA:0,(anonymous_2)
FNDA:0,(anonymous_3)
FNDA:0,(anonymous_4)
FNDA:0,(anonymous_5)
FNDA:0,(anonymous_6)
FNDA:0,(anonymous_7)
FNDA:0,(anonymous_8)
FNDA:0,(anonymous_9)
FNDA:0,(anonymous_10)
FNDA:0,(anonymous_11)
FNDA:0,(anonymous_12)
DA:57,0
DA:78,0
DA:94,0
DA:96,0
DA:97,0
DA:98,0
DA:101,0
DA:102,0
DA:104,0
DA:105,0
DA:112,0
DA:113,0
DA:114,0
DA:120,0
DA:121,0
DA:123,0
DA:124,0
DA:127,0
DA:128,0
DA:133,0
DA:134,0
DA:135,0
DA:137,0
DA:143,0
DA:145,0
DA:146,0
DA:147,0
DA:148,0
DA:149,0
DA:151,0
DA:156,0
DA:157,0
DA:158,0
DA:164,0
DA:165,0
DA:168,0
DA:173,0
DA:181,0
DA:182,0
DA:184,0
DA:185,0
DA:186,0
DA:188,0
DA:189,0
DA:192,0
DA:199,0
LF:46
LH:0
BRDA:101,0,0,0
BRDA:101,0,1,0
BRDA:104,1,0,0
BRDA:104,1,1,0
BRDA:127,2,0,0
BRDA:127,2,1,0
BRDA:134,3,0,0
BRDA:134,3,1,0
BRDA:134,4,0,0
BRDA:134,4,1,0
BRDA:145,5,0,0
BRDA:145,5,1,0
BRDA:164,6,0,0
BRDA:164,6,1,0
BRDA:164,7,0,0
BRDA:164,7,1,0
BRDA:165,8,0,0
BRDA:165,8,1,0
BRDA:184,9,0,0
BRDA:184,9,1,0
BRDA:188,10,0,0
BRDA:188,10,1,0
BRDA:189,11,0,0
BRDA:189,11,1,0
BRF:24
BRH:0
end_of_record
TN:
SF:/Users/juusoheino/Code/Projects/005 - JUUSOHEINO.COM/src/components/editableContent.vue
FN:25,(anonymous_1)
FN:37,(anonymous_2)
FN:59,(anonymous_3)
FN:76,(anonymous_4)
FN:84,(anonymous_5)
FNF:5
FNH:0
FNDA:0,(anonymous_1)
FNDA:0,(anonymous_2)
FNDA:0,(anonymous_3)
FNDA:0,(anonymous_4)
FNDA:0,(anonymous_5)
DA:12,0
DA:26,0
DA:38,0
DA:39,0
DA:40,0
DA:42,0
DA:44,0
DA:45,0
DA:46,0
DA:49,0
DA:52,0
DA:60,0
DA:61,0
DA:62,0
DA:64,0
DA:65,0
DA:68,0
DA:69,0
DA:77,0
DA:85,0
DA:86,0
LF:21
LH:0
BRDA:38,0,0,0
BRDA:38,0,1,0
BRDA:44,1,0,0
BRDA:44,1,1,0
BRDA:45,2,0,0
BRDA:45,2,1,0
BRDA:60,3,0,0
BRDA:60,3,1,0
BRDA:85,4,0,0
BRDA:85,4,1,0
BRF:10
BRH:0
end_of_record
TN:
SF:/Users/juusoheino/Code/Projects/005 - JUUSOHEINO.COM/src/components/googleMap.vue
FN:23,(anonymous_1)
FN:48,(anonymous_2)
FN:54,(anonymous_3)
FN:56,(anonymous_4)
FN:62,(anonymous_5)
FN:87,(anonymous_6)
FN:109,(anonymous_7)
FNF:7
FNH:0
FNDA:0,(anonymous_1)
FNDA:0,(anonymous_2)
FNDA:0,(anonymous_3)
FNDA:0,(anonymous_4)
FNDA:0,(anonymous_5)
FNDA:0,(anonymous_6)
FNDA:0,(anonymous_7)
DA:14,0
DA:15,0
DA:24,0
DA:49,0
DA:55,0
DA:56,0
DA:57,0
DA:63,0
DA:82,0
DA:83,0
DA:88,0
DA:89,0
DA:91,0
DA:92,0
DA:93,0
DA:109,0
DA:110,0
LF:17
LH:0
BRDA:71,0,0,0
BRDA:71,0,1,0
BRDA:82,1,0,0
BRDA:82,1,1,0
BRF:4
BRH:0
end_of_record
TN:
SF:/Users/juusoheino/Code/Projects/005 - JUUSOHEINO.COM/src/components/homeAbout.vue
FN:42,(anonymous_1)
FNF:1
FNH:0
FNDA:0,(anonymous_1)
DA:22,0
DA:23,0
DA:24,0
DA:25,0
DA:43,0
LF:5
LH:0
BRF:0
BRH:0
end_of_record
TN:
SF:/Users/juusoheino/Code/Projects/005 - JUUSOHEINO.COM/src/components/homeContact.vue
FN:38,(anonymous_1)
FNF:1
FNH:0
FNDA:0,(anonymous_1)
DA:26,0
DA:27,0
DA:39,0
LF:3
LH:0
BRF:0
BRH:0
end_of_record
TN:
SF:/Users/juusoheino/Code/Projects/005 - JUUSOHEINO.COM/src/components/homeHero.vue
FN:38,(anonymous_1)
FNF:1
FNH:0
FNDA:0,(anonymous_1)
DA:24,0
DA:25,0
DA:26,0
DA:39,0
LF:4
LH:0
BRF:0
BRH:0
end_of_record
TN:
SF:/Users/juusoheino/Code/Projects/005 - JUUSOHEINO.COM/src/components/homeProjects.vue
FN:52,(anonymous_1)
FN:58,(anonymous_2)
FN:65,(anonymous_3)
FN:84,(anonymous_4)
FNF:4
FNH:0
FNDA:0,(anonymous_1)
FNDA:0,(anonymous_2)
FNDA:0,(anonymous_3)
FNDA:0,(anonymous_4)
DA:39,0
DA:40,0
DA:41,0
DA:53,0
DA:59,0
DA:60,0
DA:61,0
DA:62,0
DA:70,0
DA:71,0
DA:72,0
DA:74,0
DA:75,0
DA:77,0
DA:85,0
DA:86,0
LF:16
LH:0
BRDA:59,0,0,0
BRDA:59,0,1,0
BRDA:74,1,0,0
BRDA:74,1,1,0
BRF:4
BRH:0
end_of_record
TN:
SF:/Users/juusoheino/Code/Projects/005 - JUUSOHEINO.COM/src/components/homeTools.vue
FN:55,(anonymous_1)
FNF:1
FNH:0
FNDA:0,(anonymous_1)
DA:35,0
DA:36,0
DA:37,0
DA:38,0
DA:56,0
DA:57,0
DA:58,0
DA:60,0
DA:61,0
DA:64,0
DA:65,0
LF:11
LH:0
BRDA:56,0,0,0
BRDA:56,0,1,0
BRF:2
BRH:0
end_of_record
TN:
SF:/Users/juusoheino/Code/Projects/005 - JUUSOHEINO.COM/src/components/homeTravels.vue
FN:21,(anonymous_1)
FNF:1
FNH:0
FNDA:0,(anonymous_1)
DA:14,0
DA:22,0
LF:2
LH:0
BRF:0
BRH:0
end_of_record
TN:
SF:/Users/juusoheino/Code/Projects/005 - JUUSOHEINO.COM/src/components/localeToggler.vue
FN:30,(anonymous_1)
FN:37,(anonymous_2)
FN:43,(anonymous_3)
FNF:3
FNH:0
FNDA:0,(anonymous_1)
FNDA:0,(anonymous_2)
FNDA:0,(anonymous_3)
DA:31,0
DA:38,0
DA:44,0
LF:3
LH:0
BRF:0
BRH:0
end_of_record
TN:
SF:/Users/juusoheino/Code/Projects/005 - JUUSOHEINO.COM/src/components/menuToggler.vue
FN:18,(anonymous_1)
FN:26,(anonymous_2)
FN:32,(anonymous_3)
FN:36,(anonymous_4)
FNF:4
FNH:0
FNDA:0,(anonymous_1)
FNDA:0,(anonymous_2)
FNDA:0,(anonymous_3)
FNDA:0,(anonymous_4)
DA:19,0
DA:27,0
DA:33,0
DA:38,0
DA:40,0
LF:5
LH:0
BRDA:38,0,0,0
BRDA:38,0,1,0
BRF:2
BRH:0
end_of_record
TN:
SF:/Users/juusoheino/Code/Projects/005 - JUUSOHEINO.COM/src/components/modalHandler.vue
FN:27,(anonymous_1)
FN:28,(anonymous_3)
FN:29,(anonymous_5)
FN:32,(anonymous_7)
FN:33,(anonymous_8)
FN:42,(anonymous_9)
FN:51,(anonymous_10)
FN:55,(anonymous_11)
FN:61,(anonymous_12)
FNF:9
FNH:0
FNDA:0,(anonymous_1)
FNDA:0,(anonymous_3)
FNDA:0,(anonymous_5)
FNDA:0,(anonymous_7)
FNDA:0,(anonymous_8)
FNDA:0,(anonymous_9)
FNDA:0,(anonymous_10)
FNDA:0,(anonymous_11)
FNDA:0,(anonymous_12)
DA:20,0
DA:27,0
DA:28,0
DA:29,0
DA:33,0
DA:34,0
DA:35,0
DA:39,0
DA:40,0
DA:42,0
DA:43,0
DA:44,0
DA:52,0
DA:56,0
DA:62,0
LF:15
LH:0
BRDA:34,0,0,0
BRDA:34,0,1,0
BRDA:56,1,0,0
BRDA:56,1,1,0
BRF:4
BRH:0
end_of_record
TN:
SF:/Users/juusoheino/Code/Projects/005 - JUUSOHEINO.COM/src/components/navTop.vue
FN:58,(anonymous_1)
FN:66,(anonymous_2)
FN:70,(anonymous_3)
FN:76,(anonymous_4)
FN:80,(anonymous_5)
FN:101,(anonymous_6)
FN:141,(anonymous_7)
FN:154,(anonymous_8)
FN:160,(anonymous_9)
FN:170,(anonymous_10)
FN:184,(anonymous_11)
FN:188,(anonymous_12)
FNF:12
FNH:0
FNDA:0,(anonymous_1)
FNDA:0,(anonymous_2)
FNDA:0,(anonymous_3)
FNDA:0,(anonymous_4)
FNDA:0,(anonymous_5)
FNDA:0,(anonymous_6)
FNDA:0,(anonymous_7)
FNDA:0,(anonymous_8)
FNDA:0,(anonymous_9)
FNDA:0,(anonymous_10)
FNDA:0,(anonymous_11)
FNDA:0,(anonymous_12)
DA:39,0
DA:40,0
DA:41,0
DA:42,0
DA:43,0
DA:44,0
DA:45,0
DA:59,0
DA:67,0
DA:69,0
DA:70,0
DA:71,0
DA:77,0
DA:81,0
DA:82,0
DA:83,0
DA:85,0
DA:86,0
DA:88,0
DA:102,0
DA:103,0
DA:105,0
DA:106,0
DA:107,0
DA:109,0
DA:110,0
DA:142,0
DA:143,0
DA:144,0
DA:145,0
DA:146,0
DA:147,0
DA:149,0
DA:150,0
DA:156,0
DA:157,0
DA:161,0
DA:171,0
DA:173,0
DA:174,0
DA:175,0
DA:176,0
DA:177,0
DA:178,0
DA:181,0
DA:185,0
DA:191,0
DA:192,0
LF:48
LH:0
BRDA:105,0,0,0
BRDA:105,0,1,0
BRDA:142,1,0,0
BRDA:142,1,1,0
BRDA:144,2,0,0
BRDA:144,2,1,0
BRDA:146,3,0,0
BRDA:146,3,1,0
BRDA:173,4,0,0
BRDA:173,4,1,0
BRDA:175,5,0,0
BRDA:175,5,1,0
BRDA:177,6,0,0
BRDA:177,6,1,0
BRDA:177,7,0,0
BRDA:177,7,1,0
BRF:16
BRH:0
end_of_record
TN:
SF:/Users/juusoheino/Code/Projects/005 - JUUSOHEINO.COM/src/components/navTopToggler.vue
FN:29,(anonymous_1)
FN:35,(anonymous_2)
FN:46,(anonymous_3)
FN:52,(anonymous_4)
FN:63,(anonymous_5)
FN:77,(anonymous_6)
FNF:6
FNH:0
FNDA:0,(anonymous_1)
FNDA:0,(anonymous_2)
FNDA:0,(anonymous_3)
FNDA:0,(anonymous_4)
FNDA:0,(anonymous_5)
FNDA:0,(anonymous_6)
DA:30,0
DA:36,0
DA:47,0
DA:48,0
DA:50,0
DA:51,0
DA:52,0
DA:53,0
DA:54,0
DA:64,0
DA:66,0
DA:67,0
DA:68,0
DA:71,0
DA:74,0
DA:78,0
DA:79,0
DA:80,0
DA:81,0
DA:86,0
DA:87,0
DA:88,0
DA:90,0
DA:91,0
DA:92,0
DA:93,0
DA:94,0
DA:95,0
DA:96,0
DA:97,0
DA:98,0
DA:99,0
DA:100,0
DA:101,0
DA:102,0
DA:103,0
DA:106,0
DA:107,0
DA:108,0
DA:111,0
LF:40
LH:0
BRDA:47,0,0,0
BRDA:47,0,1,0
BRDA:66,1,0,0
BRDA:66,1,1,0
BRDA:67,2,0,0
BRDA:67,2,1,0
BRDA:71,3,0,0
BRDA:71,3,1,0
BRDA:90,4,0,0
BRDA:90,4,1,0
BRDA:94,5,0,0
BRDA:94,5,1,0
BRDA:97,6,0,0
BRDA:97,6,1,0
BRDA:101,7,0,0
BRDA:101,7,1,0
BRDA:106,8,0,0
BRDA:106,8,1,0
BRDA:106,9,0,0
BRDA:106,9,1,0
BRF:20
BRH:0
end_of_record
TN:
SF:/Users/juusoheino/Code/Projects/005 - JUUSOHEINO.COM/src/components/onClickOutside.vue
FN:11,(anonymous_1)
FN:12,(anonymous_2)
FN:26,(anonymous_3)
FN:31,(anonymous_4)
FNF:4
FNH:0
FNDA:0,(anonymous_1)
FNDA:0,(anonymous_2)
FNDA:0,(anonymous_3)
FNDA:0,(anonymous_4)
DA:12,0
DA:13,0
DA:14,0
DA:15,0
DA:16,0
DA:18,0
DA:19,0
DA:21,0
DA:25,0
DA:26,0
DA:27,0
DA:32,0
LF:12
LH:0
BRDA:18,0,0,0
BRDA:18,0,1,0
BRDA:18,1,0,0
BRDA:18,1,1,0
BRF:4
BRH:0
end_of_record
TN:
SF:/Users/juusoheino/Code/Projects/005 - JUUSOHEINO.COM/src/components/onResize.vue
FN:15,(anonymous_1)
FN:22,(anonymous_2)
FN:23,(anonymous_3)
FN:29,(anonymous_4)
FNF:4
FNH:0
FNDA:0,(anonymous_1)
FNDA:0,(anonymous_2)
FNDA:0,(anonymous_3)
FNDA:0,(anonymous_4)
DA:8,0
DA:10,0
DA:16,0
DA:23,0
DA:24,0
DA:25,0
DA:30,0
LF:7
LH:0
BRF:0
BRH:0
end_of_record
TN:
SF:/Users/juusoheino/Code/Projects/005 - JUUSOHEINO.COM/src/components/projectsItem.vue
FN:27,(anonymous_1)
FNF:1
FNH:0
FNDA:0,(anonymous_1)
DA:28,0
DA:29,0
LF:2
LH:0
BRF:0
BRH:0
end_of_record
TN:
SF:/Users/juusoheino/Code/Projects/005 - JUUSOHEINO.COM/src/components/projectsProject.vue
FN:81,(anonymous_1)
FN:90,(anonymous_2)
FN:97,(anonymous_3)
FN:105,(anonymous_4)
FN:114,(anonymous_5)
FN:118,(anonymous_6)
FN:124,(anonymous_7)
FN:129,(anonymous_8)
FNF:8
FNH:0
FNDA:0,(anonymous_1)
FNDA:0,(anonymous_2)
FNDA:0,(anonymous_3)
FNDA:0,(anonymous_4)
FNDA:0,(anonymous_5)
FNDA:0,(anonymous_6)
FNDA:0,(anonymous_7)
FNDA:0,(anonymous_8)
DA:65,0
DA:66,0
DA:67,0
DA:68,0
DA:69,0
DA:82,0
DA:91,0
DA:92,0
DA:94,0
DA:96,0
DA:97,0
DA:98,0
DA:106,0
DA:107,0
DA:115,0
DA:119,0
DA:125,0
DA:126,0
DA:130,0
LF:19
LH:0
BRDA:106,0,0,0
BRDA:106,0,1,0
BRDA:130,1,0,0
BRDA:130,1,1,0
BRF:4
BRH:0
end_of_record
TN:
SF:/Users/juusoheino/Code/Projects/005 - JUUSOHEINO.COM/src/components/recaptcha.vue
FN:21,(anonymous_1)
FN:31,(anonymous_2)
FN:45,(anonymous_3)
FN:55,(anonymous_4)
FN:63,(anonymous_5)
FN:69,(anonymous_6)
FNF:6
FNH:0
FNDA:0,(anonymous_1)
FNDA:0,(anonymous_2)
FNDA:0,(anonymous_3)
FNDA:0,(anonymous_4)
FNDA:0,(anonymous_5)
FNDA:0,(anonymous_6)
DA:27,0
DA:28,0
DA:32,0
DA:34,0
DA:35,0
DA:40,0
DA:42,0
DA:43,0
DA:45,0
DA:46,0
DA:47,0
DA:48,0
DA:49,0
DA:56,0
DA:64,0
DA:70,0
LF:16
LH:0
BRDA:27,0,0,0
BRDA:27,0,1,0
BRDA:46,1,0,0
BRDA:46,1,1,0
BRDA:48,2,0,0
BRDA:48,2,1,0
BRDA:64,3,0,0
BRDA:64,3,1,0
BRF:8
BRH:0
end_of_record
TN:
SF:/Users/juusoheino/Code/Projects/005 - JUUSOHEINO.COM/src/components/sortableList.vue
FN:4,move
FN:31,(anonymous_2)
FN:38,(anonymous_3)
FN:39,(anonymous_4)
FN:51,(anonymous_5)
FNF:5
FNH:0
FNDA:0,move
FNDA:0,(anonymous_2)
FNDA:0,(anonymous_3)
FNDA:0,(anonymous_4)
FNDA:0,(anonymous_5)
DA:2,0
DA:5,0
DA:9,0
DA:32,0
DA:39,0
DA:47,0
DA:52,0
DA:56,0
LF:8
LH:0
BRDA:56,0,0,0
BRDA:56,0,1,0
BRF:2
BRH:0
end_of_record
TN:
SF:/Users/juusoheino/Code/Projects/005 - JUUSOHEINO.COM/src/components/sortableListItem.vue
FN:5,(anonymous_1)
FN:11,(anonymous_2)
FNF:2
FNH:0
FNDA:0,(anonymous_1)
FNDA:0,(anonymous_2)
DA:6,0
DA:7,0
DA:12,0
LF:3
LH:0
BRDA:6,0,0,0
BRDA:6,0,1,0
BRF:2
BRH:0
end_of_record
TN:
SF:/Users/juusoheino/Code/Projects/005 - JUUSOHEINO.COM/src/components/sortableListItemHandle.vue
FN:5,(anonymous_1)
FN:11,(anonymous_2)
FNF:2
FNH:0
FNDA:0,(anonymous_1)
FNDA:0,(anonymous_2)
DA:6,0
DA:7,0
DA:12,0
DA:13,0
DA:15,0
LF:5
LH:0
BRDA:6,0,0,0
BRDA:6,0,1,0
BRDA:12,1,0,0
BRDA:12,1,1,0
BRF:4
BRH:0
end_of_record
TN:
SF:/Users/juusoheino/Code/Projects/005 - JUUSOHEINO.COM/src/components/tabBar.vue
FN:23,(anonymous_1)
FN:33,(anonymous_2)
FN:40,(anonymous_3)
FN:49,(anonymous_4)
FNF:4
FNH:0
FNDA:0,(anonymous_1)
FNDA:0,(anonymous_2)
FNDA:0,(anonymous_3)
FNDA:0,(anonymous_4)
DA:24,0
DA:25,0
DA:26,0
DA:28,0
DA:34,0
DA:41,0
DA:50,0
LF:7
LH:0
BRF:0
BRH:0
end_of_record
TN:
SF:/Users/juusoheino/Code/Projects/005 - JUUSOHEINO.COM/src/components/base/_base-bg.vue
FN:23,(anonymous_1)
FN:34,(anonymous_2)
FN:41,(anonymous_3)
FN:48,(anonymous_4)
FN:56,(anonymous_5)
FN:60,(anonymous_6)
FN:64,(anonymous_7)
FN:70,(anonymous_8)
FN:76,(anonymous_9)
FN:82,(anonymous_10)
FNF:10
FNH:0
FNDA:0,(anonymous_1)
FNDA:0,(anonymous_2)
FNDA:0,(anonymous_3)
FNDA:0,(anonymous_4)
FNDA:0,(anonymous_5)
FNDA:0,(anonymous_6)
FNDA:0,(anonymous_7)
FNDA:0,(anonymous_8)
FNDA:0,(anonymous_9)
FNDA:0,(anonymous_10)
DA:23,0
DA:35,0
DA:42,0
DA:49,0
DA:50,0
DA:51,0
DA:57,0
DA:61,0
DA:63,0
DA:64,0
DA:65,0
DA:71,0
DA:77,0
DA:83,0
DA:84,0
DA:86,0
DA:87,0
DA:88,0
DA:90,0
DA:91,0
DA:93,0
DA:98,0
LF:22
LH:0
BRDA:23,0,0,0
BRDA:23,0,1,0
BRDA:49,1,0,0
BRDA:49,1,1,0
BRDA:79,2,0,0
BRDA:79,2,1,0
BRDA:86,3,0,0
BRDA:86,3,1,0
BRDA:87,4,0,0
BRDA:87,4,1,0
BRDA:90,5,0,0
BRDA:90,5,1,0
BRDA:90,6,0,0
BRDA:90,6,1,0
BRDA:102,7,0,0
BRDA:102,7,1,0
BRDA:105,8,0,0
BRDA:105,8,1,0
BRDA:108,9,0,0
BRDA:108,9,1,0
BRF:20
BRH:0
end_of_record
TN:
SF:/Users/juusoheino/Code/Projects/005 - JUUSOHEINO.COM/src/components/base/_base-button.vue
FN:39,(anonymous_1)
FN:43,(anonymous_2)
FN:58,(anonymous_3)
FN:67,(anonymous_4)
FNF:4
FNH:4
FNDA:1,(anonymous_1)
FNDA:1,(anonymous_2)
FNDA:1,(anonymous_3)
FNDA:1,(anonymous_4)
DA:18,1
DA:19,1
DA:40,1
DA:44,1
DA:59,1
DA:68,1
LF:6
LH:6
BRDA:46,0,0,0
BRDA:46,0,1,1
BRF:2
BRH:1
end_of_record
TN:
SF:/Users/juusoheino/Code/Projects/005 - JUUSOHEINO.COM/src/components/base/_base-divider.vue
FN:24,(anonymous_1)
FN:30,(anonymous_2)
FNF:2
FNH:0
FNDA:0,(anonymous_1)
FNDA:0,(anonymous_2)
DA:12,0
DA:25,0
DA:31,0
LF:3
LH:0
BRDA:31,0,0,0
BRDA:31,0,1,0
BRF:2
BRH:0
end_of_record
TN:
SF:/Users/juusoheino/Code/Projects/005 - JUUSOHEINO.COM/src/components/base/_base-dropdown.vue
FN:59,(anonymous_1)
FN:82,(anonymous_2)
FN:91,(anonymous_3)
FN:98,(anonymous_4)
FN:103,(anonymous_5)
FN:107,(anonymous_6)
FN:110,(anonymous_7)
FN:120,(anonymous_8)
FN:130,(anonymous_9)
FN:137,(anonymous_10)
FN:147,(anonymous_11)
FN:153,(anonymous_12)
FN:164,(anonymous_13)
FN:168,(anonymous_14)
FN:182,(anonymous_15)
FN:190,(anonymous_16)
FNF:16
FNH:0
FNDA:0,(anonymous_1)
FNDA:0,(anonymous_2)
FNDA:0,(anonymous_3)
FNDA:0,(anonymous_4)
FNDA:0,(anonymous_5)
FNDA:0,(anonymous_6)
FNDA:0,(anonymous_7)
FNDA:0,(anonymous_8)
FNDA:0,(anonymous_9)
FNDA:0,(anonymous_10)
FNDA:0,(anonymous_11)
FNDA:0,(anonymous_12)
FNDA:0,(anonymous_13)
FNDA:0,(anonymous_14)
FNDA:0,(anonymous_15)
FNDA:0,(anonymous_16)
DA:45,0
DA:46,0
DA:47,0
DA:60,0
DA:61,0
DA:62,0
DA:63,0
DA:65,0
DA:83,0
DA:92,0
DA:93,0
DA:99,0
DA:104,0
DA:108,0
DA:109,0
DA:110,0
DA:111,0
DA:121,0
DA:122,0
DA:126,0
DA:131,0
DA:132,0
DA:133,0
DA:134,0
DA:138,0
DA:139,0
DA:140,0
DA:143,0
DA:148,0
DA:154,0
DA:155,0
DA:156,0
DA:158,0
DA:159,0
DA:161,0
DA:165,0
DA:169,0
DA:183,0
DA:191,0
DA:192,0
DA:194,0
LF:41
LH:0
BRDA:92,0,0,0
BRDA:92,0,1,0
BRDA:109,1,0,0
BRDA:109,1,1,0
BRDA:121,2,0,0
BRDA:121,2,1,0
BRDA:138,3,0,0
BRDA:138,3,1,0
BRDA:155,4,0,0
BRDA:155,4,1,0
BRDA:158,5,0,0
BRDA:158,5,1,0
BRF:12
BRH:0
end_of_record
TN:
SF:/Users/juusoheino/Code/Projects/005 - JUUSOHEINO.COM/src/components/base/_base-feedback.vue
FN:34,(anonymous_1)
FN:41,(anonymous_2)
FN:49,(anonymous_3)
FNF:3
FNH:0
FNDA:0,(anonymous_1)
FNDA:0,(anonymous_2)
FNDA:0,(anonymous_3)
DA:12,0
DA:13,0
DA:35,0
DA:42,0
DA:43,0
DA:50,0
LF:6
LH:0
BRF:0
BRH:0
end_of_record
TN:
SF:/Users/juusoheino/Code/Projects/005 - JUUSOHEINO.COM/src/components/base/_base-flex.vue
FN:22,(anonymous_1)
FN:26,(anonymous_2)
FN:30,(anonymous_3)
FN:34,(anonymous_4)
FN:38,(anonymous_5)
FN:48,(anonymous_6)
FN:52,(anonymous_7)
FNF:7
FNH:0
FNDA:0,(anonymous_1)
FNDA:0,(anonymous_2)
FNDA:0,(anonymous_3)
FNDA:0,(anonymous_4)
FNDA:0,(anonymous_5)
FNDA:0,(anonymous_6)
FNDA:0,(anonymous_7)
DA:12,0
DA:22,0
DA:26,0
DA:30,0
DA:34,0
DA:38,0
DA:49,0
DA:53,0
DA:62,0
DA:63,0
DA:64,0
DA:65,0
DA:66,0
DA:68,0
DA:70,0
DA:71,0
DA:75,0
DA:76,0
DA:77,0
DA:78,0
DA:82,0
DA:83,0
DA:84,0
DA:85,0
DA:87,0
DA:88,0
DA:89,0
DA:91,0
DA:92,0
DA:93,0
DA:98,0
DA:99,0
DA:100,0
DA:101,0
DA:102,0
DA:103,0
DA:104,0
DA:106,0
DA:107,0
DA:108,0
DA:109,0
DA:112,0
LF:42
LH:0
BRDA:30,0,0,0
BRDA:30,0,1,0
BRDA:30,1,0,0
BRDA:30,1,1,0
BRDA:30,1,2,0
BRDA:58,2,0,0
BRDA:58,2,1,0
BRDA:62,3,0,0
BRDA:62,3,1,0
BRDA:64,4,0,0
BRDA:64,4,1,0
BRDA:65,5,0,0
BRDA:65,5,1,0
BRDA:70,6,0,0
BRDA:70,6,1,0
BRDA:75,7,0,0
BRDA:75,7,1,0
BRDA:76,8,0,0
BRDA:76,8,1,0
BRDA:76,9,0,0
BRDA:76,9,1,0
BRDA:82,10,0,0
BRDA:82,10,1,0
BRDA:83,11,0,0
BRDA:83,11,1,0
BRDA:84,12,0,0
BRDA:84,12,1,0
BRDA:84,13,0,0
BRDA:84,13,1,0
BRDA:84,13,2,0
BRDA:87,14,0,0
BRDA:87,14,1,0
BRDA:88,15,0,0
BRDA:88,15,1,0
BRDA:88,16,0,0
BRDA:88,16,1,0
BRDA:88,16,2,0
BRDA:91,17,0,0
BRDA:91,17,1,0
BRDA:91,18,0,0
BRDA:91,18,1,0
BRDA:98,19,0,0
BRDA:98,19,1,0
BRDA:99,20,0,0
BRDA:99,20,1,0
BRDA:100,21,0,0
BRDA:100,21,1,0
BRDA:101,22,0,0
BRDA:101,22,1,0
BRDA:102,23,0,0
BRDA:102,23,1,0
BRDA:106,24,0,0
BRDA:106,24,1,0
BRDA:107,25,0,0
BRDA:107,25,1,0
BRF:55
BRH:0
end_of_record
TN:
SF:/Users/juusoheino/Code/Projects/005 - JUUSOHEINO.COM/src/components/base/_base-grid.vue
FN:23,(anonymous_1)
FN:39,(anonymous_2)
FNF:2
FNH:0
FNDA:0,(anonymous_1)
FNDA:0,(anonymous_2)
DA:24,0
DA:25,0
DA:26,0
DA:27,0
DA:29,0
DA:40,0
DA:42,0
DA:43,0
DA:44,0
DA:45,0
DA:47,0
DA:48,0
DA:49,0
DA:50,0
DA:51,0
DA:52,0
DA:55,0
DA:60,0
LF:18
LH:0
BRDA:24,0,0,0
BRDA:24,0,1,0
BRDA:42,1,0,0
BRDA:42,1,1,0
BRDA:44,2,0,0
BRDA:44,2,1,0
BRDA:49,3,0,0
BRDA:49,3,1,0
BRDA:51,4,0,0
BRDA:51,4,1,0
BRDA:62,5,0,0
BRDA:62,5,1,0
BRDA:65,6,0,0
BRDA:65,6,1,0
BRDA:68,7,0,0
BRDA:68,7,1,0
BRF:16
BRH:0
end_of_record
TN:
SF:/Users/juusoheino/Code/Projects/005 - JUUSOHEINO.COM/src/components/base/_base-icon.vue
FN:45,(anonymous_1)
FN:52,(anonymous_2)
FN:59,(anonymous_3)
FN:63,(anonymous_4)
FN:71,(anonymous_5)
FN:72,(anonymous_7)
FN:73,(anonymous_9)
FN:74,(anonymous_11)
FN:75,(anonymous_13)
FN:76,(anonymous_15)
FN:77,(anonymous_17)
FN:78,(anonymous_19)
FN:79,(anonymous_21)
FN:80,(anonymous_23)
FN:81,(anonymous_25)
FN:82,(anonymous_27)
FN:83,(anonymous_29)
FN:84,(anonymous_31)
FN:85,(anonymous_33)
FN:86,(anonymous_35)
FN:87,(anonymous_37)
FN:88,(anonymous_39)
FN:89,(anonymous_41)
FN:90,(anonymous_43)
FN:91,(anonymous_45)
FN:92,(anonymous_47)
FN:93,(anonymous_49)
FN:94,(anonymous_51)
FN:95,(anonymous_53)
FN:96,(anonymous_55)
FN:97,(anonymous_57)
FN:98,(anonymous_59)
FNF:32
FNH:0
FNDA:0,(anonymous_1)
FNDA:0,(anonymous_2)
FNDA:0,(anonymous_3)
FNDA:0,(anonymous_4)
FNDA:0,(anonymous_5)
FNDA:0,(anonymous_7)
FNDA:0,(anonymous_9)
FNDA:0,(anonymous_11)
FNDA:0,(anonymous_13)
FNDA:0,(anonymous_15)
FNDA:0,(anonymous_17)
FNDA:0,(anonymous_19)
FNDA:0,(anonymous_21)
FNDA:0,(anonymous_23)
FNDA:0,(anonymous_25)
FNDA:0,(anonymous_27)
FNDA:0,(anonymous_29)
FNDA:0,(anonymous_31)
FNDA:0,(anonymous_33)
FNDA:0,(anonymous_35)
FNDA:0,(anonymous_37)
FNDA:0,(anonymous_39)
FNDA:0,(anonymous_41)
FNDA:0,(anonymous_43)
FNDA:0,(anonymous_45)
FNDA:0,(anonymous_47)
FNDA:0,(anonymous_49)
FNDA:0,(anonymous_51)
FNDA:0,(anonymous_53)
FNDA:0,(anonymous_55)
FNDA:0,(anonymous_57)
FNDA:0,(anonymous_59)
DA:24,0
DA:46,0
DA:53,0
DA:54,0
DA:56,0
DA:60,0
DA:64,0
DA:71,0
DA:72,0
DA:73,0
DA:74,0
DA:75,0
DA:76,0
DA:77,0
DA:78,0
DA:79,0
DA:80,0
DA:81,0
DA:82,0
DA:83,0
DA:84,0
DA:85,0
DA:86,0
DA:87,0
DA:88,0
DA:89,0
DA:90,0
DA:91,0
DA:92,0
DA:93,0
DA:94,0
DA:95,0
DA:96,0
DA:97,0
DA:98,0
LF:35
LH:0
BRDA:53,0,0,0
BRDA:53,0,1,0
BRF:2
BRH:0
end_of_record
TN:
SF:/Users/juusoheino/Code/Projects/005 - JUUSOHEINO.COM/src/components/base/_base-image.vue
FN:29,(anonymous_1)
FN:40,(anonymous_2)
FN:48,(anonymous_3)
FN:52,(anonymous_4)
FNF:4
FNH:0
FNDA:0,(anonymous_1)
FNDA:0,(anonymous_2)
FNDA:0,(anonymous_3)
FNDA:0,(anonymous_4)
DA:14,0
DA:15,0
DA:30,0
DA:31,0
DA:32,0
DA:33,0
DA:35,0
DA:41,0
DA:42,0
DA:44,0
DA:49,0
DA:53,0
LF:12
LH:0
BRDA:30,0,0,0
BRDA:30,0,1,0
BRDA:32,1,0,0
BRDA:32,1,1,0
BRDA:41,2,0,0
BRDA:41,2,1,0
BRDA:54,3,0,0
BRDA:54,3,1,0
BRF:8
BRH:0
end_of_record
TN:
SF:/Users/juusoheino/Code/Projects/005 - JUUSOHEINO.COM/src/components/base/_base-indexIndicator.vue
FN:38,(anonymous_1)
FN:46,(anonymous_2)
FN:47,(anonymous_3)
FN:51,(anonymous_4)
FN:68,(anonymous_5)
FN:80,(anonymous_6)
FN:87,(anonymous_7)
FN:95,(anonymous_8)
FNF:8
FNH:0
FNDA:0,(anonymous_1)
FNDA:0,(anonymous_2)
FNDA:0,(anonymous_3)
FNDA:0,(anonymous_4)
FNDA:0,(anonymous_5)
FNDA:0,(anonymous_6)
FNDA:0,(anonymous_7)
FNDA:0,(anonymous_8)
DA:39,0
DA:47,0
DA:48,0
DA:51,0
DA:52,0
DA:53,0
DA:54,0
DA:56,0
DA:57,0
DA:58,0
DA:62,0
DA:69,0
DA:71,0
DA:73,0
DA:74,0
DA:75,0
DA:77,0
DA:81,0
DA:88,0
DA:96,0
DA:97,0
DA:98,0
LF:22
LH:0
BRDA:52,0,0,0
BRDA:52,0,1,0
BRDA:53,1,0,0
BRDA:53,1,1,0
BRDA:57,2,0,0
BRDA:57,2,1,0
BRDA:73,3,0,0
BRDA:73,3,1,0
BRF:8
BRH:0
end_of_record
TN:
SF:/Users/juusoheino/Code/Projects/005 - JUUSOHEINO.COM/src/components/base/_base-input.vue
FN:49,(anonymous_1)
FN:63,(anonymous_2)
FN:72,(anonymous_3)
FN:74,(anonymous_4)
FN:81,(anonymous_5)
FN:85,(anonymous_6)
FN:94,(anonymous_7)
FN:97,(anonymous_8)
FN:104,(anonymous_9)
FN:113,(anonymous_10)
FNF:10
FNH:7
FNDA:2,(anonymous_1)
FNDA:2,(anonymous_2)
FNDA:2,(anonymous_3)
FNDA:0,(anonymous_4)
FNDA:0,(anonymous_5)
FNDA:0,(anonymous_6)
FNDA:2,(anonymous_7)
FNDA:2,(anonymous_8)
FNDA:2,(anonymous_9)
FNDA:2,(anonymous_10)
DA:36,1
DA:50,2
DA:64,2
DA:73,2
DA:74,0
DA:82,0
DA:86,0
DA:87,0
DA:88,0
DA:89,0
DA:95,2
DA:98,2
DA:99,2
DA:105,2
DA:114,2
DA:115,2
DA:116,2
DA:117,2
DA:119,2
LF:19
LH:13
BRDA:73,0,0,0
BRDA:73,0,1,2
BRDA:86,1,0,0
BRDA:86,1,1,0
BRDA:86,2,0,0
BRDA:86,2,1,0
BRDA:123,3,0,0
BRDA:123,3,1,2
BRDA:126,4,0,0
BRDA:126,4,1,2
BRF:10
BRH:3
end_of_record
TN:
SF:/Users/juusoheino/Code/Projects/005 - JUUSOHEINO.COM/src/components/base/_base-link.vue
FN:33,(anonymous_1)
FN:40,(anonymous_2)
FN:47,(anonymous_3)
FN:52,(anonymous_4)
FN:58,(anonymous_5)
FN:71,(anonymous_6)
FN:80,(anonymous_7)
FN:86,(anonymous_8)
FN:93,(anonymous_9)
FNF:9
FNH:0
FNDA:0,(anonymous_1)
FNDA:0,(anonymous_2)
FNDA:0,(anonymous_3)
FNDA:0,(anonymous_4)
FNDA:0,(anonymous_5)
FNDA:0,(anonymous_6)
FNDA:0,(anonymous_7)
FNDA:0,(anonymous_8)
FNDA:0,(anonymous_9)
DA:18,0
DA:34,0
DA:41,0
DA:48,0
DA:55,0
DA:56,0
DA:57,0
DA:58,0
DA:59,0
DA:62,0
DA:65,0
DA:72,0
DA:73,0
DA:77,0
DA:81,0
DA:87,0
DA:94,0
LF:17
LH:0
BRDA:48,0,0,0
BRDA:48,0,1,0
BRDA:55,1,0,0
BRDA:55,1,1,0
BRDA:66,2,0,0
BRDA:66,2,1,0
BRDA:67,3,0,0
BRDA:67,3,1,0
BRDA:72,4,0,0
BRDA:72,4,1,0
BRDA:74,5,0,0
BRDA:74,5,1,0
BRDA:75,6,0,0
BRDA:75,6,1,0
BRDA:89,7,0,0
BRDA:89,7,1,0
BRF:16
BRH:0
end_of_record
TN:
SF:/Users/juusoheino/Code/Projects/005 - JUUSOHEINO.COM/src/components/base/_base-list.vue
FN:33,(anonymous_1)
FN:42,(anonymous_2)
FN:50,(anonymous_3)
FN:56,(anonymous_4)
FN:58,(anonymous_5)
FN:70,(anonymous_6)
FNF:6
FNH:0
FNDA:0,(anonymous_1)
FNDA:0,(anonymous_2)
FNDA:0,(anonymous_3)
FNDA:0,(anonymous_4)
FNDA:0,(anonymous_5)
FNDA:0,(anonymous_6)
DA:21,0
DA:33,0
DA:42,0
DA:51,0
DA:58,0
DA:59,0
DA:61,0
DA:62,0
DA:63,0
DA:71,0
DA:72,0
DA:74,0
DA:75,0
DA:78,0
DA:79,0
DA:81,0
DA:82,0
DA:84,0
DA:88,0
LF:19
LH:0
BRDA:61,0,0,0
BRDA:61,0,1,0
BRDA:62,1,0,0
BRDA:62,1,1,0
BRDA:74,2,0,0
BRDA:74,2,1,0
BRDA:78,3,0,0
BRDA:78,3,1,0
BRDA:81,4,0,0
BRDA:81,4,1,0
BRDA:91,5,0,0
BRDA:91,5,1,0
BRDA:92,6,0,0
BRDA:92,6,1,0
BRF:14
BRH:0
end_of_record
TN:
SF:/Users/juusoheino/Code/Projects/005 - JUUSOHEINO.COM/src/components/base/_base-loader.vue
FNF:0
FNH:0
DA:10,0
LF:1
LH:0
BRF:0
BRH:0
end_of_record
TN:
SF:/Users/juusoheino/Code/Projects/005 - JUUSOHEINO.COM/src/components/base/_base-scroller.vue
FN:28,(anonymous_1)
FN:33,(anonymous_2)
FN:39,(anonymous_3)
FN:54,(anonymous_4)
FN:60,(anonymous_5)
FNF:5
FNH:0
FNDA:0,(anonymous_1)
FNDA:0,(anonymous_2)
FNDA:0,(anonymous_3)
FNDA:0,(anonymous_4)
FNDA:0,(anonymous_5)
DA:29,0
DA:31,0
DA:32,0
DA:33,0
DA:34,0
DA:40,0
DA:41,0
DA:42,0
DA:43,0
DA:44,0
DA:45,0
DA:47,0
DA:48,0
DA:55,0
DA:61,0
LF:15
LH:0
BRDA:40,0,0,0
BRDA:40,0,1,0
BRDA:56,1,0,0
BRDA:56,1,1,0
BRDA:62,2,0,0
BRDA:62,2,1,0
BRF:6
BRH:0
end_of_record
TN:
SF:/Users/juusoheino/Code/Projects/005 - JUUSOHEINO.COM/src/components/base/_base-spacer.vue
FN:27,(anonymous_1)
FNF:1
FNH:0
FNDA:0,(anonymous_1)
DA:15,0
DA:28,0
LF:2
LH:0
BRF:0
BRH:0
end_of_record
TN:
SF:/Users/juusoheino/Code/Projects/005 - JUUSOHEINO.COM/src/components/base/_base-text.vue
FN:42,(anonymous_1)
FN:64,(anonymous_2)
FN:78,(anonymous_3)
FN:86,(anonymous_4)
FN:95,(anonymous_5)
FNF:5
FNH:5
FNDA:1,(anonymous_1)
FNDA:1,(anonymous_2)
FNDA:1,(anonymous_3)
FNDA:1,(anonymous_4)
FNDA:1,(anonymous_5)
DA:22,1
DA:23,1
DA:43,1
DA:65,1
DA:66,0
DA:67,1
DA:68,0
DA:72,0
DA:74,1
DA:79,1
DA:87,1
DA:96,1
LF:12
LH:9
BRDA:65,0,0,0
BRDA:65,0,1,1
BRDA:65,1,0,1
BRDA:65,1,1,0
BRDA:67,2,0,0
BRDA:67,2,1,1
BRDA:67,3,0,1
BRDA:67,3,1,0
BRDA:68,4,0,0
BRDA:68,4,1,0
BRDA:90,5,0,0
BRDA:90,5,1,1
BRDA:91,6,0,0
BRDA:91,6,1,1
BRF:14
BRH:6
end_of_record
TN:
SF:/Users/juusoheino/Code/Projects/005 - JUUSOHEINO.COM/src/components/base/_base-textarea.vue
FN:55,(anonymous_1)
FN:61,(anonymous_2)
FN:64,resize
FN:70,delayedResize
FN:86,(anonymous_5)
FN:88,(anonymous_6)
FN:95,(anonymous_7)
FN:103,(anonymous_8)
FN:110,(anonymous_9)
FN:113,(anonymous_10)
FN:121,(anonymous_11)
FN:129,(anonymous_12)
FN:135,(anonymous_13)
FNF:13
FNH:9
FNDA:2,(anonymous_1)
FNDA:2,(anonymous_2)
FNDA:2,resize
FNDA:0,delayedResize
FNDA:2,(anonymous_5)
FNDA:0,(anonymous_6)
FNDA:10,(anonymous_7)
FNDA:0,(anonymous_8)
FNDA:2,(anonymous_9)
FNDA:2,(anonymous_10)
FNDA:2,(anonymous_11)
FNDA:2,(anonymous_12)
FNDA:0,(anonymous_13)
DA:32,1
DA:56,2
DA:62,2
DA:65,2
DA:66,2
DA:71,0
DA:74,2
DA:75,2
DA:76,2
DA:77,2
DA:78,2
DA:80,2
DA:87,2
DA:88,0
DA:96,10
DA:98,0
DA:100,10
DA:103,10
DA:104,0
DA:111,2
DA:116,2
DA:122,2
DA:130,2
DA:136,0
LF:24
LH:19
BRDA:87,0,0,0
BRDA:87,0,1,2
BRDA:96,1,0,0
BRDA:96,1,1,10
BRF:4
BRH:2
end_of_record
TN:
SF:/Users/juusoheino/Code/Projects/005 - JUUSOHEINO.COM/src/components/base/_base-title.vue
FN:42,(anonymous_1)
FN:62,(anonymous_2)
FN:71,(anonymous_3)
FN:87,(anonymous_4)
FNF:4
FNH:4
FNDA:1,(anonymous_1)
FNDA:1,(anonymous_2)
FNDA:1,(anonymous_3)
FNDA:1,(anonymous_4)
DA:17,1
DA:43,1
DA:63,1
DA:72,1
DA:74,1
DA:75,0
DA:78,1
DA:88,1
LF:8
LH:7
BRDA:74,0,0,0
BRDA:74,0,1,1
BRDA:81,1,0,1
BRDA:81,1,1,0
BRF:4
BRH:2
end_of_record
TN:
SF:/Users/juusoheino/Code/Projects/005 - JUUSOHEINO.COM/src/components/base/_base-view.vue
FN:22,(anonymous_1)
FN:34,(anonymous_3)
FN:41,(anonymous_4)
FN:45,(anonymous_5)
FN:51,(anonymous_6)
FNF:5
FNH:0
FNDA:0,(anonymous_1)
FNDA:0,(anonymous_3)
FNDA:0,(anonymous_4)
FNDA:0,(anonymous_5)
FNDA:0,(anonymous_6)
DA:22,0
DA:35,0
DA:42,0
DA:46,0
DA:47,0
DA:48,0
DA:52,0
DA:53,0
DA:54,0
DA:55,0
DA:56,0
DA:57,0
DA:58,0
DA:60,0
DA:61,0
DA:64,0
DA:65,0
DA:68,0
DA:69,0
DA:70,0
DA:71,0
DA:72,0
DA:73,0
DA:75,0
DA:76,0
DA:80,0
LF:26
LH:0
BRDA:42,0,0,0
BRDA:42,0,1,0
BRDA:46,1,0,0
BRDA:46,1,1,0
BRDA:46,2,0,0
BRDA:46,2,1,0
BRDA:54,3,0,0
BRDA:54,3,1,0
BRDA:55,4,0,0
BRDA:55,4,1,0
BRDA:60,5,0,0
BRDA:60,5,1,0
BRDA:60,6,0,0
BRDA:60,6,1,0
BRDA:64,7,0,0
BRDA:64,7,1,0
BRDA:69,8,0,0
BRDA:69,8,1,0
BRDA:70,9,0,0
BRDA:70,9,1,0
BRDA:72,10,0,0
BRDA:72,10,1,0
BRDA:82,11,0,0
BRDA:82,11,1,0
BRF:24
BRH:0
end_of_record
TN:
SF:/Users/juusoheino/Code/Projects/005 - JUUSOHEINO.COM/src/components/base/_base-wrapper.vue
FN:31,(anonymous_1)
FN:38,(anonymous_2)
FNF:2
FNH:0
FNDA:0,(anonymous_1)
FNDA:0,(anonymous_2)
DA:9,0
DA:32,0
DA:39,0
DA:40,0
DA:41,0
DA:42,0
DA:43,0
DA:45,0
DA:46,0
DA:47,0
DA:48,0
DA:49,0
DA:50,0
DA:52,0
DA:57,0
DA:58,0
DA:59,0
DA:60,0
DA:61,0
DA:65,0
LF:20
LH:0
BRDA:45,0,0,0
BRDA:45,0,1,0
BRDA:46,1,0,0
BRDA:46,1,1,0
BRDA:47,2,0,0
BRDA:47,2,1,0
BRDA:48,3,0,0
BRDA:48,3,1,0
BRDA:49,4,0,0
BRDA:49,4,1,0
BRDA:57,5,0,0
BRDA:57,5,1,0
BRDA:58,6,0,0
BRDA:58,6,1,0
BRDA:60,7,0,0
BRDA:60,7,1,0
BRF:16
BRH:0
end_of_record
TN:
SF:/Users/juusoheino/Code/Projects/005 - JUUSOHEINO.COM/src/components/base/_globals.js
FN:19,(anonymous_0)
FNF:1
FNH:0
FNDA:0,(anonymous_0)
DA:9,0
DA:19,0
DA:21,0
DA:23,0
DA:33,0
LF:5
LH:0
BRDA:33,0,0,0
BRDA:33,0,1,0
BRF:2
BRH:0
end_of_record
TN:
SF:/Users/juusoheino/Code/Projects/005 - JUUSOHEINO.COM/src/components/modals/modalAddContent.vue
FN:29,(anonymous_1)
FN:34,(anonymous_3)
FN:43,(anonymous_4)
FNF:3
FNH:0
FNDA:0,(anonymous_1)
FNDA:0,(anonymous_3)
FNDA:0,(anonymous_4)
DA:29,0
DA:35,0
DA:48,0
DA:51,0
LF:4
LH:0
BRF:0
BRH:0
end_of_record
TN:
SF:/Users/juusoheino/Code/Projects/005 - JUUSOHEINO.COM/src/components/modals/modalEditContent.vue
FN:50,(anonymous_1)
FN:59,(anonymous_2)
FN:65,(anonymous_3)
FN:95,(anonymous_4)
FN:112,(anonymous_5)
FN:119,(anonymous_6)
FN:124,(anonymous_7)
FN:141,(anonymous_8)
FN:174,(anonymous_9)
FNF:9
FNH:0
FNDA:0,(anonymous_1)
FNDA:0,(anonymous_2)
FNDA:0,(anonymous_3)
FNDA:0,(anonymous_4)
FNDA:0,(anonymous_5)
FNDA:0,(anonymous_6)
FNDA:0,(anonymous_7)
FNDA:0,(anonymous_8)
FNDA:0,(anonymous_9)
DA:34,0
DA:35,0
DA:36,0
DA:51,0
DA:60,0
DA:61,0
DA:66,0
DA:69,0
DA:70,0
DA:71,0
DA:73,0
DA:74,0
DA:79,0
DA:80,0
DA:82,0
DA:83,0
DA:84,0
DA:86,0
DA:90,0
DA:96,0
DA:98,0
DA:99,0
DA:101,0
DA:103,0
DA:104,0
DA:105,0
DA:108,0
DA:114,0
DA:120,0
DA:121,0
DA:125,0
DA:126,0
DA:127,0
DA:128,0
DA:130,0
DA:133,0
DA:134,0
DA:136,0
DA:141,0
DA:144,0
DA:148,0
DA:152,0
DA:158,0
DA:160,0
DA:162,0
DA:163,0
DA:164,0
DA:168,0
DA:169,0
DA:172,0
DA:174,0
DA:183,0
DA:184,0
LF:53
LH:0
BRDA:69,0,0,0
BRDA:69,0,1,0
BRDA:82,1,0,0
BRDA:82,1,1,0
BRDA:82,2,0,0
BRDA:82,2,1,0
BRDA:98,3,0,0
BRDA:98,3,1,0
BRDA:103,4,0,0
BRDA:103,4,1,0
BRDA:114,5,0,0
BRDA:114,5,1,0
BRDA:127,6,0,0
BRDA:127,6,1,0
BRDA:133,7,0,0
BRDA:133,7,1,0
BRDA:144,8,0,0
BRDA:144,8,1,0
BRDA:148,9,0,0
BRDA:148,9,1,0
BRDA:158,10,0,0
BRDA:158,10,1,0
BRDA:164,11,0,0
BRDA:164,11,1,0
BRDA:172,12,0,0
BRDA:172,12,1,0
BRF:26
BRH:0
end_of_record
TN:
SF:/Users/juusoheino/Code/Projects/005 - JUUSOHEINO.COM/src/components/modals/modalLogin.vue
FN:16,(anonymous_1)
FN:25,(anonymous_2)
FN:27,(anonymous_3)
FN:30,(anonymous_4)
FN:42,(anonymous_5)
FNF:5
FNH:0
FNDA:0,(anonymous_1)
FNDA:0,(anonymous_2)
FNDA:0,(anonymous_3)
FNDA:0,(anonymous_4)
FNDA:0,(anonymous_5)
DA:17,0
DA:26,0
DA:27,0
DA:29,0
DA:32,0
DA:33,0
DA:36,0
DA:37,0
DA:43,0
LF:9
LH:0
BRF:0
BRH:0
end_of_record
TN:
SF:/Users/juusoheino/Code/Projects/005 - JUUSOHEINO.COM/src/components/modals/modalLogout.vue
FN:14,(anonymous_1)
FNF:1
FNH:0
FNDA:0,(anonymous_1)
DA:15,0
DA:16,0
LF:2
LH:0
BRF:0
BRH:0
end_of_record
TN:
SF:/Users/juusoheino/Code/Projects/005 - JUUSOHEINO.COM/src/router/index.js
FN:14,(anonymous_0)
FNF:1
FNH:0
FNDA:0,(anonymous_0)
DA:5,0
DA:7,0
DA:15,0
DA:16,0
DA:17,0
DA:18,0
DA:20,0
LF:7
LH:0
BRDA:15,0,0,0
BRDA:15,0,1,0
BRDA:17,1,0,0
BRDA:17,1,1,0
BRF:4
BRH:0
end_of_record
TN:
SF:/Users/juusoheino/Code/Projects/005 - JUUSOHEINO.COM/src/router/routes.js
FN:7,(anonymous_0)
FN:18,(anonymous_1)
FN:29,(anonymous_2)
FN:40,(anonymous_3)
FN:50,(anonymous_4)
FN:60,(anonymous_5)
FN:69,(anonymous_6)
FNF:7
FNH:0
FNDA:0,(anonymous_0)
FNDA:0,(anonymous_1)
FNDA:0,(anonymous_2)
FNDA:0,(anonymous_3)
FNDA:0,(anonymous_4)
FNDA:0,(anonymous_5)
FNDA:0,(anonymous_6)
DA:7,0
DA:18,0
DA:29,0
DA:40,0
DA:50,0
DA:60,0
DA:69,0
LF:7
LH:0
BRF:0
BRH:0
end_of_record
TN:
SF:/Users/juusoheino/Code/Projects/005 - JUUSOHEINO.COM/src/store/index.js
FN:31,(anonymous_0)
FN:37,(anonymous_1)
FNF:2
FNH:0
FNDA:0,(anonymous_0)
FNDA:0,(anonymous_1)
DA:12,0
DA:32,0
DA:38,0
DA:40,0
DA:41,0
DA:42,0
DA:44,0
DA:45,0
DA:46,0
DA:50,0
DA:53,0
DA:55,0
DA:56,0
DA:57,0
DA:58,0
DA:60,0
DA:64,0
DA:67,0
DA:68,0
DA:70,0
DA:71,0
DA:72,0
DA:75,0
DA:76,0
DA:77,0
DA:78,0
DA:81,0
DA:82,0
DA:83,0
DA:84,0
DA:85,0
DA:87,0
DA:88,0
DA:89,0
DA:90,0
DA:91,0
DA:92,0
DA:96,0
LF:38
LH:0
BRDA:38,0,0,0
BRDA:38,0,1,0
BRDA:44,1,0,0
BRDA:44,1,1,0
BRDA:45,2,0,0
BRDA:45,2,1,0
BRDA:46,3,0,0
BRDA:46,3,1,0
BRDA:55,4,0,0
BRDA:55,4,1,0
BRDA:56,5,0,0
BRDA:56,5,1,0
BRDA:67,6,0,0
BRDA:67,6,1,0
BRDA:70,7,0,0
BRDA:70,7,1,0
BRDA:70,8,0,0
BRDA:70,8,1,0
BRDA:75,9,0,0
BRDA:75,9,1,0
BRDA:81,10,0,0
BRDA:81,10,1,0
BRDA:81,11,0,0
BRDA:81,11,1,0
BRDA:81,11,2,0
BRDA:82,12,0,0
BRDA:82,12,1,0
BRDA:84,13,0,0
BRDA:84,13,1,0
BRDA:87,14,0,0
BRDA:87,14,1,0
BRDA:90,15,0,0
BRDA:90,15,1,0
BRF:33
BRH:0
end_of_record
TN:
SF:/Users/juusoheino/Code/Projects/005 - JUUSOHEINO.COM/src/store/app/index.js
FN:28,(anonymous_0)
FN:43,(anonymous_1)
FN:72,(anonymous_2)
FN:78,(anonymous_3)
FNF:4
FNH:0
FNDA:0,(anonymous_0)
FNDA:0,(anonymous_1)
FNDA:0,(anonymous_2)
FNDA:0,(anonymous_3)
DA:29,0
DA:32,0
DA:33,0
DA:34,0
DA:36,0
DA:47,0
DA:48,0
DA:49,0
DA:50,0
DA:65,0
DA:67,0
DA:73,0
DA:79,0
LF:13
LH:0
BRDA:29,0,0,0
BRDA:29,0,1,0
BRDA:53,1,0,0
BRDA:53,1,1,0
BRDA:59,2,0,0
BRDA:59,2,1,0
BRDA:60,3,0,0
BRDA:60,3,1,0
BRF:8
BRH:0
end_of_record
TN:
SF:/Users/juusoheino/Code/Projects/005 - JUUSOHEINO.COM/src/store/base/index.js
FNF:0
FNH:0
LF:0
LH:0
BRF:0
BRH:0
end_of_record
TN:
SF:/Users/juusoheino/Code/Projects/005 - JUUSOHEINO.COM/src/store/content/index.js
FNF:0
FNH:0
LF:0
LH:0
BRF:0
BRH:0
end_of_record
TN:
SF:/Users/juusoheino/Code/Projects/005 - JUUSOHEINO.COM/src/store/modals/index.js
FN:13,(anonymous_0)
FN:19,(anonymous_1)
FNF:2
FNH:0
FNDA:0,(anonymous_0)
FNDA:0,(anonymous_1)
DA:14,0
DA:23,0
DA:24,0
DA:25,0
DA:26,0
DA:27,0
DA:28,0
DA:29,0
DA:30,0
DA:31,0
DA:34,0
LF:11
LH:0
BRDA:23,0,0,0
BRDA:23,0,1,0
BRDA:23,1,0,0
BRDA:23,1,1,0
BRDA:27,2,0,0
BRDA:27,2,1,0
BRDA:30,3,0,0
BRDA:30,3,1,0
BRF:8
BRH:0
end_of_record
TN:
SF:/Users/juusoheino/Code/Projects/005 - JUUSOHEINO.COM/src/store/ui/index.js
FN:46,(anonymous_0)
FNF:1
FNH:0
FNDA:0,(anonymous_0)
DA:47,0
DA:48,0
DA:49,0
DA:50,0
DA:52,0
DA:53,0
DA:54,0
DA:55,0
DA:56,0
DA:57,0
DA:61,0
LF:11
LH:0
BRDA:53,0,0,0
BRDA:53,0,1,0
BRDA:56,1,0,0
BRDA:56,1,1,0
BRDA:56,2,0,0
BRDA:56,2,1,0
BRF:6
BRH:0
end_of_record
TN:
SF:/Users/juusoheino/Code/Projects/005 - JUUSOHEINO.COM/src/utils/arrange.js
FN:1,(anonymous_0)
FN:2,(anonymous_1)
FN:22,(anonymous_2)
FNF:3
FNH:0
FNDA:0,(anonymous_0)
FNDA:0,(anonymous_1)
FNDA:0,(anonymous_2)
DA:1,0
DA:2,0
DA:3,0
DA:4,0
DA:7,0
DA:8,0
DA:10,0
DA:11,0
DA:12,0
DA:13,0
DA:14,0
DA:16,0
DA:22,0
DA:23,0
DA:24,0
LF:15
LH:0
BRDA:1,0,0,0
BRDA:3,1,0,0
BRDA:3,1,1,0
BRDA:3,2,0,0
BRDA:3,2,1,0
BRDA:7,3,0,0
BRDA:7,3,1,0
BRDA:8,4,0,0
BRDA:8,4,1,0
BRDA:11,5,0,0
BRDA:11,5,1,0
BRDA:13,6,0,0
BRDA:13,6,1,0
BRDA:17,7,0,0
BRDA:17,7,1,0
BRF:15
BRH:0
end_of_record
TN:
SF:/Users/juusoheino/Code/Projects/005 - JUUSOHEINO.COM/src/utils/data.js
FN:1,(anonymous_0)
FN:17,(anonymous_1)
FNF:2
FNH:0
FNDA:0,(anonymous_0)
FNDA:0,(anonymous_1)
DA:1,5
DA:2,0
DA:3,0
DA:4,0
DA:5,0
DA:6,0
DA:7,0
DA:8,0
DA:9,0
DA:10,0
DA:11,0
DA:13,0
DA:17,5
DA:20,0
DA:23,0
DA:24,0
DA:28,0
DA:29,0
DA:32,0
LF:19
LH:2
BRDA:2,0,0,0
BRDA:2,0,1,0
BRDA:4,1,0,0
BRDA:4,1,1,0
BRDA:6,2,0,0
BRDA:6,2,1,0
BRDA:8,3,0,0
BRDA:8,3,1,0
BRDA:10,4,0,0
BRDA:10,4,1,0
BRDA:10,5,0,0
BRDA:10,5,1,0
BRDA:10,5,2,0
BRDA:20,6,0,0
BRDA:20,6,1,0
BRDA:24,7,0,0
BRDA:24,7,1,0
BRDA:28,8,0,0
BRDA:28,8,1,0
BRF:19
BRH:0
end_of_record
TN:
SF:/Users/juusoheino/Code/Projects/005 - JUUSOHEINO.COM/src/utils/exec.js
FN:1,(anonymous_0)
FN:21,(anonymous_1)
FN:29,step
FNF:3
FNH:0
FNDA:0,(anonymous_0)
FNDA:0,(anonymous_1)
FNDA:0,step
DA:1,0
DA:7,0
DA:8,0
DA:10,0
DA:11,0
DA:12,0
DA:15,0
DA:16,0
DA:18,0
DA:21,0
DA:24,0
DA:25,0
DA:26,0
DA:27,0
DA:30,0
DA:32,0
DA:33,0
DA:34,0
DA:38,0
DA:39,0
DA:42,0
LF:21
LH:0
BRDA:10,0,0,0
BRDA:10,0,1,0
BRDA:18,1,0,0
BRDA:18,1,1,0
BRDA:32,2,0,0
BRDA:32,2,1,0
BRDA:33,3,0,0
BRDA:33,3,1,0
BRF:8
BRH:0
end_of_record
TN:
SF:/Users/juusoheino/Code/Projects/005 - JUUSOHEINO.COM/src/utils/googleMapStyles.js
FNF:0
FNH:0
DA:1,0
LF:1
LH:0
BRF:0
BRH:0
end_of_record
TN:
SF:/Users/juusoheino/Code/Projects/005 - JUUSOHEINO.COM/src/utils/math.js
FN:8,(anonymous_0)
FNF:1
FNH:0
FNDA:0,(anonymous_0)
DA:8,0
DA:9,0
LF:2
LH:0
BRF:0
BRH:0
end_of_record
TN:
SF:/Users/juusoheino/Code/Projects/005 - JUUSOHEINO.COM/src/utils/mixins.js
FN:12,(anonymous_0)
FN:25,(anonymous_1)
FN:32,(anonymous_2)
FN:39,sizeCategory
FN:49,ifScaling
FN:64,(anonymous_5)
FN:82,(anonymous_6)
FN:131,(anonymous_7)
FN:138,(anonymous_8)
FN:152,marginSize
FN:157,sizeCategory
FN:215,(anonymous_11)
FN:222,(anonymous_12)
FN:236,paddingSize
FN:241,sizeCategory
FN:286,(anonymous_15)
FN:311,(anonymous_16)
FNF:17
FNH:10
FNDA:7,(anonymous_0)
FNDA:7,(anonymous_1)
FNDA:7,(anonymous_2)
FNDA:7,sizeCategory
FNDA:7,ifScaling
FNDA:0,(anonymous_5)
FNDA:0,(anonymous_6)
FNDA:7,(anonymous_7)
FNDA:7,(anonymous_8)
FNDA:0,marginSize
FNDA:0,sizeCategory
FNDA:1,(anonymous_11)
FNDA:1,(anonymous_12)
FNDA:0,paddingSize
FNDA:0,sizeCategory
FNDA:7,(anonymous_15)
FNDA:0,(anonymous_16)
DA:7,5
DA:13,7
DA:14,7
DA:15,0
DA:26,7
DA:34,7
DA:35,7
DA:36,7
DA:40,7
DA:41,7
DA:45,0
DA:56,7
DA:57,0
DA:58,0
DA:59,0
DA:61,0
DA:62,0
DA:63,0
DA:64,0
DA:65,0
DA:68,0
DA:69,0
DA:70,0
DA:72,0
DA:75,0
DA:76,0
DA:78,0
DA:79,0
DA:80,0
DA:81,0
DA:82,0
DA:83,0
DA:86,0
DA:87,0
DA:89,0
DA:90,0
DA:91,0
DA:92,0
DA:93,0
DA:97,0
DA:98,0
DA:101,0
DA:103,7
DA:106,7
DA:107,7
DA:110,0
DA:115,5
DA:132,7
DA:139,7
DA:147,7
DA:148,7
DA:149,7
DA:153,0
DA:158,0
DA:159,0
DA:160,0
DA:161,0
DA:162,0
DA:165,7
DA:166,7
DA:167,7
DA:168,7
DA:170,7
DA:171,0
DA:172,0
DA:173,0
DA:175,0
DA:176,0
DA:179,7
DA:180,0
DA:181,0
DA:184,7
DA:185,0
DA:186,0
DA:187,0
DA:189,0
DA:190,0
DA:191,0
DA:195,7
DA:200,5
DA:216,1
DA:223,1
DA:231,1
DA:232,1
DA:233,1
DA:237,0
DA:242,0
DA:243,0
DA:244,0
DA:245,0
DA:246,0
DA:249,1
DA:250,1
DA:251,1
DA:252,1
DA:254,1
DA:255,0
DA:256,0
DA:258,1
DA:259,0
DA:260,0
DA:263,1
DA:264,0
DA:265,0
DA:266,0
DA:268,0
DA:269,0
DA:270,0
DA:274,1
DA:279,5
DA:287,7
DA:289,7
DA:291,7
DA:292,0
DA:293,7
DA:294,0
DA:295,7
DA:296,0
DA:297,7
DA:302,5
DA:312,0
DA:313,0
DA:314,0
LF:123
LH:49
BRDA:13,0,0,7
BRDA:13,0,1,0
BRDA:35,1,0,7
BRDA:35,1,1,0
BRDA:40,2,0,7
BRDA:40,2,1,0
BRDA:56,3,0,0
BRDA:56,3,1,7
BRDA:61,4,0,0
BRDA:61,4,1,0
BRDA:63,5,0,0
BRDA:63,5,1,0
BRDA:68,6,0,0
BRDA:68,6,1,0
BRDA:69,7,0,0
BRDA:69,7,1,0
BRDA:78,8,0,0
BRDA:78,8,1,0
BRDA:86,9,0,0
BRDA:86,9,1,0
BRDA:90,10,0,0
BRDA:90,10,1,0
BRDA:92,11,0,0
BRDA:92,11,1,0
BRDA:92,12,0,0
BRDA:92,12,1,0
BRDA:106,13,0,7
BRDA:106,13,1,0
BRDA:148,14,0,7
BRDA:148,14,1,0
BRDA:158,15,0,0
BRDA:158,15,1,0
BRDA:159,16,0,0
BRDA:159,16,1,0
BRDA:159,17,0,0
BRDA:159,17,1,0
BRDA:159,17,2,0
BRDA:159,17,3,0
BRDA:165,18,0,0
BRDA:165,18,1,7
BRDA:166,19,0,0
BRDA:166,19,1,7
BRDA:167,20,0,0
BRDA:167,20,1,7
BRDA:168,21,0,0
BRDA:168,21,1,7
BRDA:170,22,0,0
BRDA:170,22,1,7
BRDA:171,23,0,0
BRDA:171,23,1,0
BRDA:171,24,0,0
BRDA:171,24,1,0
BRDA:175,25,0,0
BRDA:175,25,1,0
BRDA:176,26,0,0
BRDA:176,26,1,0
BRDA:179,27,0,0
BRDA:179,27,1,7
BRDA:180,28,0,0
BRDA:180,28,1,0
BRDA:181,29,0,0
BRDA:181,29,1,0
BRDA:184,30,0,0
BRDA:184,30,1,7
BRDA:185,31,0,0
BRDA:185,31,1,0
BRDA:186,32,0,0
BRDA:186,32,1,0
BRDA:187,33,0,0
BRDA:187,33,1,0
BRDA:189,34,0,0
BRDA:189,34,1,0
BRDA:190,35,0,0
BRDA:190,35,1,0
BRDA:191,36,0,0
BRDA:191,36,1,0
BRDA:232,37,0,1
BRDA:232,37,1,0
BRDA:242,38,0,0
BRDA:242,38,1,0
BRDA:243,39,0,0
BRDA:243,39,1,0
BRDA:243,40,0,0
BRDA:243,40,1,0
BRDA:243,40,2,0
BRDA:243,40,3,0
BRDA:249,41,0,0
BRDA:249,41,1,1
BRDA:250,42,0,0
BRDA:250,42,1,1
BRDA:251,43,0,0
BRDA:251,43,1,1
BRDA:252,44,0,0
BRDA:252,44,1,1
BRDA:254,45,0,0
BRDA:254,45,1,1
BRDA:255,46,0,0
BRDA:255,46,1,0
BRDA:256,47,0,0
BRDA:256,47,1,0
BRDA:258,48,0,0
BRDA:258,48,1,1
BRDA:259,49,0,0
BRDA:259,49,1,0
BRDA:260,50,0,0
BRDA:260,50,1,0
BRDA:263,51,0,0
BRDA:263,51,1,1
BRDA:264,52,0,0
BRDA:264,52,1,0
BRDA:265,53,0,0
BRDA:265,53,1,0
BRDA:266,54,0,0
BRDA:266,54,1,0
BRDA:268,55,0,0
BRDA:268,55,1,0
BRDA:269,56,0,0
BRDA:269,56,1,0
BRDA:270,57,0,0
BRDA:270,57,1,0
BRDA:291,58,0,0
BRDA:291,58,1,7
BRDA:293,59,0,0
BRDA:293,59,1,7
BRDA:295,60,0,0
BRDA:295,60,1,7
BRDA:312,61,0,0
BRDA:312,61,1,0
BRDA:312,62,0,0
BRDA:312,62,1,0
BRF:130
BRH:24
end_of_record
TN:
SF:/Users/juusoheino/Code/Projects/005 - JUUSOHEINO.COM/src/utils/navigation.js
FN:5,(anonymous_0)
FN:9,(anonymous_1)
FNF:2
FNH:0
FNDA:0,(anonymous_0)
FNDA:0,(anonymous_1)
DA:5,0
DA:6,0
DA:7,0
DA:9,0
DA:10,0
DA:12,0
DA:14,0
DA:24,0
LF:8
LH:0
BRDA:10,0,0,0
BRDA:10,0,1,0
BRDA:10,1,0,0
BRDA:10,1,1,0
BRDA:15,2,0,0
BRDA:15,2,1,0
BRF:6
BRH:0
end_of_record
TN:
SF:/Users/juusoheino/Code/Projects/005 - JUUSOHEINO.COM/src/utils/regex.js
FNF:0
FNH:0
DA:2,1
DA:4,1
DA:6,1
LF:3
LH:3
BRF:0
BRH:0
end_of_record
TN:
SF:/Users/juusoheino/Code/Projects/005 - JUUSOHEINO.COM/src/utils/strings.js
FN:3,(anonymous_0)
FN:8,(anonymous_1)
FN:10,(anonymous_2)
FN:18,(anonymous_3)
FN:22,(anonymous_4)
FN:26,(anonymous_5)
FNF:6
FNH:0
FNDA:0,(anonymous_0)
FNDA:0,(anonymous_1)
FNDA:0,(anonymous_2)
FNDA:0,(anonymous_3)
FNDA:0,(anonymous_4)
FNDA:0,(anonymous_5)
DA:3,1
DA:4,0
DA:8,1
DA:9,0
DA:10,0
DA:11,0
DA:13,0
DA:15,0
DA:18,1
DA:19,0
DA:22,1
DA:23,0
DA:26,1
DA:27,0
DA:28,0
DA:30,0
DA:31,0
DA:34,0
LF:18
LH:5
BRF:0
BRH:0
end_of_record
TN:
SF:/Users/juusoheino/Code/Projects/005 - JUUSOHEINO.COM/src/utils/time.js
FN:1,(anonymous_0)
FN:44,(anonymous_1)
FNF:2
FNH:0
FNDA:0,(anonymous_0)
FNDA:0,(anonymous_1)
DA:1,0
DA:13,0
DA:15,0
DA:17,0
DA:30,0
DA:31,0
DA:33,0
DA:34,0
DA:36,0
DA:37,0
DA:41,0
DA:44,0
DA:47,0
DA:48,0
DA:49,0
DA:50,0
DA:51,0
DA:52,0
DA:53,0
DA:57,0
DA:58,0
DA:59,0
DA:60,0
DA:61,0
DA:62,0
DA:63,0
DA:65,0
LF:27
LH:0
BRDA:31,0,0,0
BRDA:31,0,1,0
BRDA:34,1,0,0
BRDA:34,1,1,0
BRDA:37,2,0,0
BRDA:37,2,1,0
BRDA:57,3,0,0
BRDA:57,3,1,0
BRDA:58,4,0,0
BRDA:58,4,1,0
BRDA:59,5,0,0
BRDA:59,5,1,0
BRDA:60,6,0,0
BRDA:60,6,1,0
BRDA:61,7,0,0
BRDA:61,7,1,0
BRDA:62,8,0,0
BRDA:62,8,1,0
BRF:18
BRH:0
end_of_record
TN:
SF:/Users/juusoheino/Code/Projects/005 - JUUSOHEINO.COM/src/views/Contact.vue
FN:113,(anonymous_1)
FN:129,(anonymous_2)
FN:134,(anonymous_3)
FN:151,(anonymous_4)
FN:157,(anonymous_5)
FN:163,(anonymous_6)
FN:173,(anonymous_7)
FN:177,(anonymous_8)
FN:181,(anonymous_9)
FN:185,(anonymous_10)
FN:201,(anonymous_11)
FN:203,(anonymous_12)
FN:214,(anonymous_13)
FN:221,(anonymous_14)
FN:237,(anonymous_15)
FNF:15
FNH:0
FNDA:0,(anonymous_1)
FNDA:0,(anonymous_2)
FNDA:0,(anonymous_3)
FNDA:0,(anonymous_4)
FNDA:0,(anonymous_5)
FNDA:0,(anonymous_6)
FNDA:0,(anonymous_7)
FNDA:0,(anonymous_8)
FNDA:0,(anonymous_9)
FNDA:0,(anonymous_10)
FNDA:0,(anonymous_11)
FNDA:0,(anonymous_12)
FNDA:0,(anonymous_13)
FNDA:0,(anonymous_14)
FNDA:0,(anonymous_15)
DA:91,0
DA:92,0
DA:93,0
DA:94,0
DA:95,0
DA:96,0
DA:97,0
DA:98,0
DA:99,0
DA:114,0
DA:130,0
DA:131,0
DA:135,0
DA:136,0
DA:138,0
DA:139,0
DA:142,0
DA:146,0
DA:148,0
DA:152,0
DA:153,0
DA:154,0
DA:158,0
DA:165,0
DA:166,0
DA:168,0
DA:174,0
DA:178,0
DA:182,0
DA:186,0
DA:187,0
DA:188,0
DA:191,0
DA:200,0
DA:201,0
DA:203,0
DA:204,0
DA:205,0
DA:206,0
DA:207,0
DA:208,0
DA:209,0
DA:210,0
DA:211,0
DA:212,0
DA:216,0
DA:217,0
DA:222,0
DA:223,0
DA:237,0
DA:238,0
DA:239,0
DA:242,0
DA:244,0
DA:245,0
DA:246,0
LF:56
LH:0
BRDA:139,0,0,0
BRDA:139,0,1,0
BRDA:142,1,0,0
BRDA:142,1,1,0
BRDA:152,2,0,0
BRDA:152,2,1,0
BRDA:152,3,0,0
BRDA:152,3,1,0
BRDA:152,3,2,0
BRDA:152,3,3,0
BRDA:152,3,4,0
BRDA:158,4,0,0
BRDA:158,4,1,0
BRDA:165,5,0,0
BRDA:165,5,1,0
BRDA:186,6,0,0
BRDA:186,6,1,0
BRDA:194,7,0,0
BRDA:194,7,1,0
BRDA:224,8,0,0
BRDA:224,8,1,0
BRDA:239,9,0,0
BRDA:239,9,1,0
BRF:23
BRH:0
end_of_record
TN:
SF:/Users/juusoheino/Code/Projects/005 - JUUSOHEINO.COM/src/views/Error.vue
FNF:0
FNH:0
DA:19,0
LF:1
LH:0
BRF:0
BRH:0
end_of_record
TN:
SF:/Users/juusoheino/Code/Projects/005 - JUUSOHEINO.COM/src/views/Gallery.vue
FN:71,(anonymous_1)
FN:77,(anonymous_2)
FN:88,(anonymous_3)
FN:108,(anonymous_4)
FN:130,(anonymous_5)
FN:133,(anonymous_6)
FN:178,(anonymous_7)
FN:186,(anonymous_8)
FN:193,(anonymous_9)
FNF:9
FNH:0
FNDA:0,(anonymous_1)
FNDA:0,(anonymous_2)
FNDA:0,(anonymous_3)
FNDA:0,(anonymous_4)
FNDA:0,(anonymous_5)
FNDA:0,(anonymous_6)
FNDA:0,(anonymous_7)
FNDA:0,(anonymous_8)
FNDA:0,(anonymous_9)
DA:54,0
DA:55,0
DA:56,0
DA:57,0
DA:58,0
DA:59,0
DA:72,0
DA:78,0
DA:79,0
DA:80,0
DA:89,0
DA:90,0
DA:109,0
DA:110,0
DA:111,0
DA:113,0
DA:114,0
DA:115,0
DA:126,0
DA:127,0
DA:131,0
DA:132,0
DA:133,0
DA:134,0
DA:137,0
DA:138,0
DA:141,0
DA:142,0
DA:179,0
DA:187,0
DA:188,0
DA:189,0
DA:194,0
DA:195,0
DA:196,0
DA:198,0
DA:199,0
LF:37
LH:0
BRDA:79,0,0,0
BRDA:79,0,1,0
BRDA:89,1,0,0
BRDA:89,1,1,0
BRDA:109,2,0,0
BRDA:109,2,1,0
BRDA:131,3,0,0
BRDA:131,3,1,0
BRDA:179,4,0,0
BRDA:179,4,1,0
BRDA:187,5,0,0
BRDA:187,5,1,0
BRDA:187,6,0,0
BRDA:187,6,1,0
BRF:14
BRH:0
end_of_record
TN:
SF:/Users/juusoheino/Code/Projects/005 - JUUSOHEINO.COM/src/views/Home.vue
FNF:0
FNH:0
DA:14,0
DA:15,0
DA:16,0
DA:17,0
DA:18,0
LF:5
LH:0
BRF:0
BRH:0
end_of_record
TN:
SF:/Users/juusoheino/Code/Projects/005 - JUUSOHEINO.COM/src/views/Projects.vue
FN:52,(anonymous_1)
FN:61,(anonymous_2)
FN:69,(anonymous_3)
FN:73,(anonymous_4)
FNF:4
FNH:0
FNDA:0,(anonymous_1)
FNDA:0,(anonymous_2)
FNDA:0,(anonymous_3)
FNDA:0,(anonymous_4)
DA:31,0
DA:32,0
DA:33,0
DA:34,0
DA:35,0
DA:36,0
DA:37,0
DA:53,0
DA:54,0
DA:55,0
DA:56,0
DA:58,0
DA:62,0
DA:70,0
DA:74,0
DA:75,0
DA:85,0
DA:86,0
DA:87,0
DA:88,0
DA:92,0
DA:93,0
LF:22
LH:0
BRDA:54,0,0,0
BRDA:54,0,1,0
BRDA:62,1,0,0
BRDA:62,1,1,0
BRDA:85,2,0,0
BRDA:85,2,1,0
BRDA:88,3,0,0
BRDA:88,3,1,0
BRF:8
BRH:0
end_of_record
TN:
SF:/Users/juusoheino/Code/Projects/005 - JUUSOHEINO.COM/src/views/Testing.vue
FN:83,(anonymous_1)
FN:91,(anonymous_2)
FN:106,(anonymous_3)
FN:110,(anonymous_4)
FN:119,(anonymous_5)
FN:123,(anonymous_6)
FNF:6
FNH:0
FNDA:0,(anonymous_1)
FNDA:0,(anonymous_2)
FNDA:0,(anonymous_3)
FNDA:0,(anonymous_4)
FNDA:0,(anonymous_5)
FNDA:0,(anonymous_6)
DA:72,0
DA:73,0
DA:84,0
DA:92,0
DA:93,0
DA:94,0
DA:107,0
DA:111,0
DA:114,0
DA:120,0
DA:124,0
LF:11
LH:0
BRF:0
BRH:0
end_of_record
TN:
SF:/Users/juusoheino/Code/Projects/005 - JUUSOHEINO.COM/tests/e2e/plugins/index.js
FN:11,(anonymous_0)
FNF:1
FNH:0
FNDA:0,(anonymous_0)
DA:11,0
DA:17,0
LF:2
LH:0
BRF:0
BRH:0
end_of_record
TN:
SF:/Users/juusoheino/Code/Projects/005 - JUUSOHEINO.COM/tests/e2e/specs/test.js
FN:3,(anonymous_0)
FN:4,(anonymous_1)
FNF:2
FNH:0
FNDA:0,(anonymous_0)
FNDA:0,(anonymous_1)
DA:3,0
DA:4,0
DA:5,0
DA:6,0
LF:4
LH:0
BRF:0
BRH:0
end_of_record
TN:
SF:/Users/juusoheino/Code/Projects/005 - JUUSOHEINO.COM/tests/e2e/support/commands.js
FNF:0
FNH:0
LF:0
LH:0
BRF:0
BRH:0
end_of_record
TN:
SF:/Users/juusoheino/Code/Projects/005 - JUUSOHEINO.COM/tests/e2e/support/index.js
FNF:0
FNH:0
LF:0
LH:0
BRF:0
BRH:0
end_of_record
